12:46:50 **** Build of configuration Default for project MyProject ****
make all 
arm-none-eabi-ar rcs libssp.a
arm-none-eabi-ar rcs libssp_nonshared.a
Compiler Options
arm-none-eabi-gcc -c -mcpu=cortex-m4 -O2 -ggdb -fomit-frame-pointer -falign-functions=16 -fno-strict-aliasing -fstack-protector-all -L . -ffunction-sections -fdata-sections -fno-common -mfloat-abi=hard -mfpu=fpv4-sp-d16 -fsingle-precision-constant -Wall -Wextra -Wundef -Wstrict-prototypes -Wno-implicit-fallthrough -Wa,-alms=build/lst/ -DCORTEX_USE_FPU=TRUE -DSTDOUT_SD=SDU1 -DSTDIN_SD=SDU1 -DARM_MATH_CM4 -D__FPU_PRESENT -DTHUMB_PRESENT -mno-thumb-interwork -DTHUMB_NO_INTERWORKING -MD -MP -MF .dep/build.d -I. -I../e-puck2_main-processor/ChibiOS_ext/os/hal/include -I../e-puck2_main-processor/ChibiOS_ext/os/hal/ports/STM32/STM32F4xx -I../e-puck2_main-processor/src/epuck1x -I../e-puck2_main-processor/src/ -I../e-puck2_main-processor/ChibiOS//os/common/ports/ARMCMx/devices/STM32F4xx -I../e-puck2_main-processor/ChibiOS//os/ext/CMSIS/include -I../e-puck2_main-processor/ChibiOS//os/ext/CMSIS/ST -I../e-puck2_main-processor/ChibiOS//os/rt/include -I../e-puck2_main-processor/ChibiOS//os/rt/ports/ARMCMx -I../e-puck2_main-processor/ChibiOS//os/rt/ports/ARMCMx/compilers/GCC -I../e-puck2_main-processor/ChibiOS//os/hal/osal/rt -I../e-puck2_main-processor/ChibiOS//os/hal/include -I../e-puck2_main-processor/ChibiOS//os/hal/ports/common/ARMCMx -I../e-puck2_main-processor/ChibiOS//os/hal/ports/STM32/STM32F4xx -I../e-puck2_main-processor/ChibiOS//os/hal/ports/STM32/LLD -I../e-puck2_main-processor/ChibiOS//os/hal/ports/STM32/LLD/DACv1 -I../e-puck2_main-processor/ChibiOS//os/hal/ports/STM32/LLD/GPIOv2 -I../e-puck2_main-processor/ChibiOS//os/hal/ports/STM32/LLD/I2Cv1 -I../e-puck2_main-processor/ChibiOS//os/hal/ports/STM32/LLD/OTGv1 -I../e-puck2_main-processor/ChibiOS//os/hal/ports/STM32/LLD/RTCv2 -I../e-puck2_main-processor/ChibiOS//os/hal/ports/STM32/LLD/SPIv1 -I../e-puck2_main-processor/ChibiOS//os/hal/ports/STM32/LLD/TIMv1 -I../e-puck2_main-processor/ChibiOS//os/hal/ports/STM32/LLD/USARTv1 -I../e-puck2_main-processor/ChibiOS//os/hal/ports/STM32/LLD/FSMCv1 -I../e-puck2_main-processor/ChibiOS_ext//os/hal/boards/epuck2 -I../e-puck2_main-processor/ChibiOS//test/rt -I../e-puck2_main-processor/ChibiOS//os/various -I../e-puck2_main-processor/ChibiOS//os/hal/lib/streams -I../e-puck2_main-processor/aseba -I../e-puck2_main-processor/ChibiOS_ext//ext/fatfs/src -I../e-puck2_main-processor/src main.c -o main.o

[1;34mCompiling crt0_v7m.s[0m
[1;34mCompiling chcoreasm_v7m.s[0m
[1;34mCompiling main.c[0m
[1;34mCompiling spi3_slave_lld.c[0m
[1;34mCompiling dcmi_lld.c[0m
[1;34mCompiling dcmi.c[0m
[1;34mCompiling spi3_slave.c[0m
[1;34mCompiling audio_thread.c[0m
[1;34mCompiling microphone.c[0m
[1;34mCompiling mp45dt02_processing.c[0m
[1;34mCompiling play_melody.c[0m
[1;34mCompiling button.c[0m
[1;34mCompiling camera.c[0m
[1;34mCompiling dcmi_camera.c[0m
[1;34mCompiling ov2640.c[0m
[1;34mCompiling ov7670.c[0m
[1;34mCompiling po6030.c[0m
[1;34mCompiling po8030.c[0m
[1;34mCompiling cmd.c[0m
[1;34mCompiling Asercom.c[0m
[1;34mCompiling Asercom2.c[0m
[1;34mCompiling DataEEPROM.c[0m
[1;34mCompiling e_I2C_protocol.c[0m
[1;34mCompiling e_acc.c[0m
[1;34mCompiling e_ad_conv.c[0m
[1;34mCompiling e_micro.c[0m
[1;34mCompiling e_prox.c[0m
[1;34mCompiling e_lsm330.c[0m
[1;34mCompiling e_common.c[0m
[1;34mCompiling e_sound.c[0m
[1;34mCompiling e_agenda.c[0m
[1;34mCompiling e_led.c[0m
[1;34mCompiling e_motors.c[0m
[1;34mCompiling e_remote_control.c[0m
[1;34mCompiling e_init_port.c[0m
[1;34mCompiling e_uart_char.c[0m
[1;34mCompiling utility.c[0m
[1;34mCompiling exti.c[0m
[1;34mCompiling flash.c[0m
[1;34mCompiling i2c_bus.c[0m
[1;34mCompiling ir_remote.c[0m
[1;34mCompiling leds.c[0m
[1;34mCompiling memory_protection.c[0m
[1;34mCompiling motors.c[0m
[1;34mCompiling panic.c[0m
[1;34mCompiling selector.c[0m
[1;34mCompiling battery_level.c[0m
[1;34mCompiling ground.c[0m
[1;34mCompiling imu.c[0m
[1;34mCompiling mpu9250.c[0m
[1;34mCompiling proximity.c[0m
[1;34mCompiling serial_comm.c[0m
[1;34mCompiling spi_comm.c[0m
[1;34mCompiling sdio.c[0m
[1;34mCompiling usbcfg.c[0m
[1;34mCompiling uc_usage.c[0m
[1;34mCompiling malloc_lock.c[0m
[1;34mCompiling newlib_syscalls.c[0m
[1;34mCompiling port.c[0m
[1;34mCompiling communication.c[0m
[1;34mCompiling config_flash_storage.c[0m
[1;34mCompiling vl53l0x_api.c[0m
[1;34mCompiling vl53l0x_api_calibration.c[0m
[1;34mCompiling vl53l0x_api_core.c[0m
[1;34mCompiling vl53l0x_api_ranging.c[0m
[1;34mCompiling vl53l0x_api_strings.c[0m
[1;34mCompiling vl53l0x_i2c_platform.c[0m
[1;34mCompiling vl53l0x_platform.c[0m
[1;34mCompiling VL53L0X.c[0m
[1;34mCompiling serial_datagram.c[0m
[1;34mCompiling cmp.c[0m
[1;34mCompiling cmp_mem_access.c[0m
[1;34mCompiling crc16.c[0m
[1;34mCompiling crc32.c[0m
[1;34mCompiling messagebus.c[0m
[1;34mCompiling parameter.c[0m
[1;34mCompiling parameter_msgpack.c[0m
[1;34mCompiling parameter_print.c[0m
[1;34mCompiling fat.c[0m
[1;34mCompiling play_sound_file.c[0m
[1;34mCompiling behaviors.c[0m
[1;34mCompiling ircom.c[0m
[1;34mCompiling ircomReceive.c[0m
[1;34mCompiling ircomTools.c[0m
[1;34mCompiling ircomMessages.c[0m
[1;34mCompiling ircomSend.c[0m
[1;34mCompiling transceiver.c[0m
[1;34mCompiling crt1.c[0m
[1;34mCompiling vectors.c[0m
[1;34mCompiling chsys.c[0m
[1;34mCompiling chdebug.c[0m
[1;34mCompiling chvt.c[0m
[1;34mCompiling chschd.c[0m
[1;34mCompiling chthreads.c[0m
[1;34mCompiling chtm.c[0m
[1;34mCompiling chstats.c[0m
[1;34mCompiling chdynamic.c[0m
[1;34mCompiling chregistry.c[0m
[1;34mCompiling chsem.c[0m
[1;34mCompiling chmtx.c[0m
[1;34mCompiling chcond.c[0m
[1;34mCompiling chevents.c[0m
[1;34mCompiling chmsg.c[0m
[1;34mCompiling chmboxes.c[0m
[1;34mCompiling chqueues.c[0m
[1;34mCompiling chmemcore.c[0m
[1;34mCompiling chheap.c[0m
[1;34mCompiling chmempools.c[0m
[1;34mCompiling chcore.c[0m
[1;34mCompiling chcore_v7m.c[0m
[1;34mCompiling osal.c[0m
[1;34mCompiling hal.c[0m
[1;34mCompiling hal_queues.c[0m
[1;34mCompiling hal_mmcsd.c[0m
[1;34mCompiling adc.c[0m
[1;34mCompiling can.c[0m
[1;34mCompiling dac.c[0m
[1;34mCompiling ext.c[0m
[1;34mCompiling gpt.c[0m
[1;34mCompiling i2c.c[0m
[1;34mCompiling i2s.c[0m
[1;34mCompiling icu.c[0m
[1;34mCompiling mac.c[0m
[1;34mCompiling mmc_spi.c[0m
[1;34mCompiling pal.c[0m
[1;34mCompiling pwm.c[0m
[1;34mCompiling rtc.c[0m
[1;34mCompiling sdc.c[0m
[1;34mCompiling serial.c[0m
[1;34mCompiling serial_usb.c[0m
[1;34mCompiling spi.c[0m
[1;34mCompiling st.c[0m
[1;34mCompiling uart.c[0m
[1;34mCompiling usb.c[0m
[1;34mCompiling nvic.c[0m
[1;34mCompiling stm32_dma.c[0m
[1;34mCompiling hal_lld.c[0m
[1;34mCompiling adc_lld.c[0m
[1;34mCompiling ext_lld_isr.c[0m
[1;34mCompiling can_lld.c[0m
[1;34mCompiling ext_lld.c[0m
[1;34mCompiling mac_lld.c[0m
[1;34mCompiling sdc_lld.c[0m
[1;34mCompiling dac_lld.c[0m
[1;34mCompiling pal_lld.c[0m
[1;34mCompiling i2c_lld.c[0m
[1;34mCompiling usb_lld.c[0m
[1;34mCompiling rtc_lld.c[0m
[1;34mCompiling i2s_lld.c[0m
[1;34mCompiling spi_lld.c[0m
[1;34mCompiling gpt_lld.c[0m
[1;34mCompiling icu_lld.c[0m
[1;34mCompiling pwm_lld.c[0m
[1;34mCompiling st_lld.c[0m
[1;34mCompiling serial_lld.c[0m
[1;34mCompiling uart_lld.c[0m
[1;34mCompiling board.c[0m
[1;34mCompiling test.c[0m
[1;34mCompiling testthd.c[0m
[1;34mCompiling testsem.c[0m
[1;34mCompiling testmtx.c[0m
[1;34mCompiling testmsg.c[0m
[1;34mCompiling testmbox.c[0m
[1;34mCompiling testevt.c[0m
[1;34mCompiling testheap.c[0m
[1;34mCompiling testpools.c[0m
[1;34mCompiling testdyn.c[0m
[1;34mCompiling testqueues.c[0m
[1;34mCompiling testsys.c[0m
[1;34mCompiling testbmk.c[0m
[1;34mCompiling shell.c[0m
[1;34mCompiling memstreams.c[0m
[1;34mCompiling chprintf.c[0m
[1;34mCompiling fatfs_diskio.c[0m
[1;34mCompiling fatfs_syscall.c[0m
[1;34mCompiling ff.c[0m
[1;34mCompiling unicode.c[0m
[1;34mCompiling vm-buffer.c[0m
[1;34mCompiling can-buffer.c[0m
[1;34mCompiling can-net.c[0m
[1;34mCompiling natives.c[0m
[1;34mCompiling vm.c[0m
[1;34mCompiling aseba_can_interface.c[0m
[1;34mCompiling aseba_node.c[0m
[1;34mCompiling skel_user.c[0m
[1;34mCompiling aseba_bridge.c[0m
[1;34mLinking build/Project_template.elf[0m
[1;34mCreating build/Project_template.hex[0m
[1;34mCreating build/Project_template.bin[0m
[1;34mCreating build/Project_template.dmp[0m

   text	   data	    bss	    dec	    hex	filename
  47908	   2948	   6236	  57092	   df04	build/Project_template.elf
[1;34mCreating build/Project_template.list[0m

[1;34mDone[0m
12:50:58 **** Incremental Build of configuration Default for project MyProject ****
make all 
make: Nothing to be done for 'all'.
12:57:19 **** Incremental Build of configuration Default for project MyProject ****
make all 
make: Nothing to be done for 'all'.
12:59:38 **** Incremental Build of configuration Default for project MyProject ****
make all 
make: Nothing to be done for 'all'.
13:00:29 **** Incremental Build of configuration Default for project MyProject ****
make all 
make: Nothing to be done for 'all'.
13:14:14 **** Incremental Build of configuration Default for project MyProject ****
make all 
[1;34mCompiling main.c[0m
[1;34mLinking build/Project_template.elf[0m
[1;34mCreating build/Project_template.hex[0m
[1;34mCreating build/Project_template.bin[0m
[1;34mCreating build/Project_template.dmp[0m

   text	   data	    bss	    dec	    hex	filename
  55028	   2980	  15900	  73908	  120b4	build/Project_template.elf
[1;34mCreating build/Project_template.list[0m

[1;34mDone[0m
13:28:14 **** Incremental Build of configuration Default for project MyProject ****
make all 
[1;34mCompiling main.c[0m
[1;34mLinking build/Project_template.elf[0m
[1;34mCreating build/Project_template.hex[0m
[1;34mCreating build/Project_template.bin[0m
[1;34mCreating build/Project_template.dmp[0m

   text	   data	    bss	    dec	    hex	filename
  58756	   2980	  15964	  77700	  12f84	build/Project_template.elf
[1;34mCreating build/Project_template.list[0m

[1;34mDone[0m
09:51:08 **** Build of configuration Default for project MyProject ****
make all 
[1;34mCompiling crt0_v7m.s[0m
[1;34mCompiling chcoreasm_v7m.s[0m
[1;34mCompiling main.c[0m
main.c: In function 'main':
main.c:42:6: warning: variable 'str_length' set but not used [-Wunused-but-set-variable]
  int str_length;
      ^~~~~~~~~~
[1;34mCompiling spi3_slave_lld.c[0m
[1;34mCompiling dcmi_lld.c[0m
[1;34mCompiling dcmi.c[0m
[1;34mCompiling spi3_slave.c[0m
[1;34mCompiling audio_thread.c[0m
[1;34mCompiling microphone.c[0m
[1;34mCompiling mp45dt02_processing.c[0m
[1;34mCompiling play_melody.c[0m
[1;34mCompiling button.c[0m
[1;34mCompiling camera.c[0m
[1;34mCompiling dcmi_camera.c[0m
[1;34mCompiling ov2640.c[0m
[1;34mCompiling ov7670.c[0m
[1;34mCompiling po6030.c[0m
[1;34mCompiling po8030.c[0m
[1;34mCompiling cmd.c[0m
[1;34mCompiling Asercom.c[0m
[1;34mCompiling Asercom2.c[0m
[1;34mCompiling DataEEPROM.c[0m
[1;34mCompiling e_I2C_protocol.c[0m
[1;34mCompiling e_acc.c[0m
[1;34mCompiling e_ad_conv.c[0m
[1;34mCompiling e_micro.c[0m
[1;34mCompiling e_prox.c[0m
[1;34mCompiling e_lsm330.c[0m
[1;34mCompiling e_common.c[0m
[1;34mCompiling e_sound.c[0m
[1;34mCompiling e_agenda.c[0m
[1;34mCompiling e_led.c[0m
[1;34mCompiling e_motors.c[0m
[1;34mCompiling e_remote_control.c[0m
[1;34mCompiling e_init_port.c[0m
[1;34mCompiling e_uart_char.c[0m
[1;34mCompiling utility.c[0m
[1;34mCompiling exti.c[0m
[1;34mCompiling flash.c[0m
[1;34mCompiling i2c_bus.c[0m
[1;34mCompiling ir_remote.c[0m
[1;34mCompiling leds.c[0m
[1;34mCompiling memory_protection.c[0m
[1;34mCompiling motors.c[0m
[1;34mCompiling panic.c[0m
[1;34mCompiling selector.c[0m
[1;34mCompiling battery_level.c[0m
[1;34mCompiling ground.c[0m
[1;34mCompiling imu.c[0m
[1;34mCompiling mpu9250.c[0m
[1;34mCompiling proximity.c[0m
[1;34mCompiling serial_comm.c[0m
[1;34mCompiling spi_comm.c[0m
[1;34mCompiling sdio.c[0m
[1;34mCompiling usbcfg.c[0m
[1;34mCompiling uc_usage.c[0m
[1;34mCompiling malloc_lock.c[0m
[1;34mCompiling newlib_syscalls.c[0m
[1;34mCompiling port.c[0m
[1;34mCompiling communication.c[0m
[1;34mCompiling config_flash_storage.c[0m
[1;34mCompiling vl53l0x_api.c[0m
[1;34mCompiling vl53l0x_api_calibration.c[0m
[1;34mCompiling vl53l0x_api_core.c[0m
[1;34mCompiling vl53l0x_api_ranging.c[0m
[1;34mCompiling vl53l0x_api_strings.c[0m
[1;34mCompiling vl53l0x_i2c_platform.c[0m
[1;34mCompiling vl53l0x_platform.c[0m
[1;34mCompiling VL53L0X.c[0m
[1;34mCompiling serial_datagram.c[0m
[1;34mCompiling cmp.c[0m
[1;34mCompiling cmp_mem_access.c[0m
[1;34mCompiling crc16.c[0m
[1;34mCompiling crc32.c[0m
[1;34mCompiling messagebus.c[0m
[1;34mCompiling parameter.c[0m
[1;34mCompiling parameter_msgpack.c[0m
[1;34mCompiling parameter_print.c[0m
[1;34mCompiling fat.c[0m
[1;34mCompiling play_sound_file.c[0m
[1;34mCompiling behaviors.c[0m
[1;34mCompiling ircom.c[0m
[1;34mCompiling ircomReceive.c[0m
[1;34mCompiling ircomTools.c[0m
[1;34mCompiling ircomMessages.c[0m
[1;34mCompiling ircomSend.c[0m
[1;34mCompiling transceiver.c[0m
[1;34mCompiling crt1.c[0m
[1;34mCompiling vectors.c[0m
[1;34mCompiling chsys.c[0m
[1;34mCompiling chdebug.c[0m
[1;34mCompiling chvt.c[0m
[1;34mCompiling chschd.c[0m
[1;34mCompiling chthreads.c[0m
[1;34mCompiling chtm.c[0m
[1;34mCompiling chstats.c[0m
[1;34mCompiling chdynamic.c[0m
[1;34mCompiling chregistry.c[0m
[1;34mCompiling chsem.c[0m
[1;34mCompiling chmtx.c[0m
[1;34mCompiling chcond.c[0m
[1;34mCompiling chevents.c[0m
[1;34mCompiling chmsg.c[0m
[1;34mCompiling chmboxes.c[0m
[1;34mCompiling chqueues.c[0m
[1;34mCompiling chmemcore.c[0m
[1;34mCompiling chheap.c[0m
[1;34mCompiling chmempools.c[0m
[1;34mCompiling chcore.c[0m
[1;34mCompiling chcore_v7m.c[0m
[1;34mCompiling osal.c[0m
[1;34mCompiling hal.c[0m
[1;34mCompiling hal_queues.c[0m
[1;34mCompiling hal_mmcsd.c[0m
[1;34mCompiling adc.c[0m
[1;34mCompiling can.c[0m
[1;34mCompiling dac.c[0m
[1;34mCompiling ext.c[0m
[1;34mCompiling gpt.c[0m
[1;34mCompiling i2c.c[0m
[1;34mCompiling i2s.c[0m
[1;34mCompiling icu.c[0m
[1;34mCompiling mac.c[0m
[1;34mCompiling mmc_spi.c[0m
[1;34mCompiling pal.c[0m
[1;34mCompiling pwm.c[0m
[1;34mCompiling rtc.c[0m
[1;34mCompiling sdc.c[0m
[1;34mCompiling serial.c[0m
[1;34mCompiling serial_usb.c[0m
[1;34mCompiling spi.c[0m
[1;34mCompiling st.c[0m
[1;34mCompiling uart.c[0m
[1;34mCompiling usb.c[0m
[1;34mCompiling nvic.c[0m
[1;34mCompiling stm32_dma.c[0m
[1;34mCompiling hal_lld.c[0m
[1;34mCompiling adc_lld.c[0m
[1;34mCompiling ext_lld_isr.c[0m
[1;34mCompiling can_lld.c[0m
[1;34mCompiling ext_lld.c[0m
[1;34mCompiling mac_lld.c[0m
[1;34mCompiling sdc_lld.c[0m
[1;34mCompiling dac_lld.c[0m
[1;34mCompiling pal_lld.c[0m
[1;34mCompiling i2c_lld.c[0m
[1;34mCompiling usb_lld.c[0m
[1;34mCompiling rtc_lld.c[0m
[1;34mCompiling i2s_lld.c[0m
[1;34mCompiling spi_lld.c[0m
[1;34mCompiling gpt_lld.c[0m
[1;34mCompiling icu_lld.c[0m
[1;34mCompiling pwm_lld.c[0m
[1;34mCompiling st_lld.c[0m
[1;34mCompiling serial_lld.c[0m
[1;34mCompiling uart_lld.c[0m
[1;34mCompiling board.c[0m
[1;34mCompiling test.c[0m
[1;34mCompiling testthd.c[0m
[1;34mCompiling testsem.c[0m
[1;34mCompiling testmtx.c[0m
[1;34mCompiling testmsg.c[0m
[1;34mCompiling testmbox.c[0m
[1;34mCompiling testevt.c[0m
[1;34mCompiling testheap.c[0m
[1;34mCompiling testpools.c[0m
[1;34mCompiling testdyn.c[0m
[1;34mCompiling testqueues.c[0m
[1;34mCompiling testsys.c[0m
[1;34mCompiling testbmk.c[0m
[1;34mCompiling shell.c[0m
[1;34mCompiling memstreams.c[0m
[1;34mCompiling chprintf.c[0m
[1;34mCompiling fatfs_diskio.c[0m
[1;34mCompiling fatfs_syscall.c[0m
[1;34mCompiling ff.c[0m
[1;34mCompiling unicode.c[0m
[1;34mCompiling vm-buffer.c[0m
[1;34mCompiling can-buffer.c[0m
[1;34mCompiling can-net.c[0m
[1;34mCompiling natives.c[0m
[1;34mCompiling vm.c[0m
[1;34mCompiling aseba_can_interface.c[0m
[1;34mCompiling aseba_node.c[0m
[1;34mCompiling skel_user.c[0m
[1;34mCompiling aseba_bridge.c[0m
[1;34mLinking build/Project_template.elf[0m
[1;34mCreating build/Project_template.hex[0m
[1;34mCreating build/Project_template.bin[0m
[1;34mCreating build/Project_template.dmp[0m

   text	   data	    bss	    dec	    hex	filename
  63236	   3028	  17508	  83772	  1473c	build/Project_template.elf
[1;34mCreating build/Project_template.list[0m

[1;34mDone[0m
09:55:43 **** Incremental Build of configuration Default for project MyProject ****
make all 
[1;34mCompiling main.c[0m
main.c: In function 'main':
main.c:39:6: warning: variable 'str_length' set but not used [-Wunused-but-set-variable]
  int str_length;
      ^~~~~~~~~~
[1;34mLinking build/Project_template.elf[0m
[1;34mCreating build/Project_template.hex[0m
[1;34mCreating build/Project_template.bin[0m
[1;34mCreating build/Project_template.dmp[0m

   text	   data	    bss	    dec	    hex	filename
  62612	   3028	  17500	  83140	  144c4	build/Project_template.elf
[1;34mCreating build/Project_template.list[0m

[1;34mDone[0m
09:59:06 **** Incremental Build of configuration Default for project MyProject ****
make all 
make: Nothing to be done for 'all'.
10:15:47 **** Incremental Build of configuration Default for project MyProject ****
make all 
make: Nothing to be done for 'all'.
10:20:04 **** Incremental Build of configuration Default for project MyProject ****
make all 
[1;34mCompiling main.c[0m
[1;34mLinking build/Project_template.elf[0m
[1;34mCreating build/Project_template.hex[0m
[1;34mCreating build/Project_template.bin[0m
[1;34mCreating build/Project_template.dmp[0m

   text	   data	    bss	    dec	    hex	filename
  58884	   2988	  16588	  78460	  1327c	build/Project_template.elf
[1;34mCreating build/Project_template.list[0m

[1;34mDone[0m
10:20:49 **** Incremental Build of configuration Default for project MyProject ****
make all 
make: Nothing to be done for 'all'.
10:22:25 **** Incremental Build of configuration Default for project MyProject ****
make all 
[1;34mCompiling main.c[0m
[1;34mLinking build/Project_template.elf[0m
[1;34mCreating build/Project_template.hex[0m
[1;34mCreating build/Project_template.bin[0m
[1;34mCreating build/Project_template.dmp[0m

   text	   data	    bss	    dec	    hex	filename
  58884	   2988	  16588	  78460	  1327c	build/Project_template.elf
[1;34mCreating build/Project_template.list[0m

[1;34mDone[0m
10:22:38 **** Incremental Build of configuration Default for project MyProject ****
make all 
make: Nothing to be done for 'all'.
10:23:56 **** Incremental Build of configuration Default for project MyProject ****
make all 
make: Nothing to be done for 'all'.
10:24:37 **** Incremental Build of configuration Default for project MyProject ****
make all 
make: Nothing to be done for 'all'.
10:24:59 **** Incremental Build of configuration Default for project MyProject ****
make all 
make: Nothing to be done for 'all'.
10:26:52 **** Incremental Build of configuration Default for project MyProject ****
make all 
[1;34mCompiling main.c[0m
[1;34mLinking build/Project_template.elf[0m
[1;34mCreating build/Project_template.hex[0m
[1;34mCreating build/Project_template.bin[0m
[1;34mCreating build/Project_template.dmp[0m

   text	   data	    bss	    dec	    hex	filename
  62724	   3028	  17500	  83252	  14534	build/Project_template.elf
[1;34mCreating build/Project_template.list[0m

[1;34mDone[0m
10:26:58 **** Incremental Build of configuration Default for project MyProject ****
make all 
make: Nothing to be done for 'all'.
10:31:11 **** Incremental Build of configuration Default for project MyProject ****
make all 
[1;34mCompiling main.c[0m
[1;34mLinking build/Project_template.elf[0m
[1;34mCreating build/Project_template.hex[0m
[1;34mCreating build/Project_template.bin[0m
[1;34mCreating build/Project_template.dmp[0m

   text	   data	    bss	    dec	    hex	filename
  62724	   3028	  17500	  83252	  14534	build/Project_template.elf
[1;34mCreating build/Project_template.list[0m

[1;34mDone[0m
06:08:11 **** Build of configuration Default for project MyProject ****
make all 
[1;34mCompiling crt0_v7m.s[0m
[1;34mCompiling chcoreasm_v7m.s[0m
[1;34mCompiling main.c[0m
main.c:6:10: fatal error: cstdlib: No such file or directory
../e-puck2_main-processor/ChibiOS//os/common/ports/ARMCMx/compilers/GCC/rules.mk:216: recipe for target 'build/obj/main.o' failed
 #include <cstdlib>
          ^~~~~~~~~
compilation terminated.
make: *** [build/obj/main.o] Error 1
"make all" terminated with exit code 2. Build might be incomplete.
14:13:07 **** Build of configuration Default for project MyProject ****
make all 
[1;34mCompiling crt0_v7m.s[0m
[1;34mCompiling chcoreasm_v7m.s[0m
[1;34mCompiling main.c[0m
main.c:6:10: fatal error: cstdlib: No such file or directory
 #include <cstdlib>
../e-puck2_main-processor/ChibiOS//os/common/ports/ARMCMx/compilers/GCC/rules.mk:216: recipe for target 'build/obj/main.o' failed
          ^~~~~~~~~
compilation terminated.
make: *** [build/obj/main.o] Error 1
"make all" terminated with exit code 2. Build might be incomplete.
14:16:45 **** Incremental Build of configuration Default for project MyProject ****
make all 
[1;34mCompiling main.c[0m
main.c:6:10: fatal error: cstdlib: No such file or directory
 #include <cstdlib>
          ^~~~~~~~~
../e-puck2_main-processor/ChibiOS//os/common/ports/ARMCMx/compilers/GCC/rules.mk:216: recipe for target 'build/obj/main.o' failed
compilation terminated.
make: *** [build/obj/main.o] Error 1
"make all" terminated with exit code 2. Build might be incomplete.
14:21:48 **** Incremental Build of configuration Default for project MyProject ****
make all 
[1;34mCompiling main.c[0m
main.c:6:10: fatal error: cstdlib: No such file or directory
../e-puck2_main-processor/ChibiOS//os/common/ports/ARMCMx/compilers/GCC/rules.mk:216: recipe for target 'build/obj/main.o' failed
 #include <cstdlib>
          ^~~~~~~~~
compilation terminated.
make: *** [build/obj/main.o] Error 1
"make all" terminated with exit code 2. Build might be incomplete.
14:26:05 **** Incremental Build of configuration Default for project MyProject ****
make all 
[1;34mCompiling main.c[0m
main.c:6:10: fatal error: stdlib: No such file or directory
 #include <stdlib>
          ^~~~~~~~
../e-puck2_main-processor/ChibiOS//os/common/ports/ARMCMx/compilers/GCC/rules.mk:216: recipe for target 'build/obj/main.o' failed
compilation terminated.
make: *** [build/obj/main.o] Error 1
"make all" terminated with exit code 2. Build might be incomplete.
14:26:25 **** Incremental Build of configuration Default for project MyProject ****
make all 
[1;34mCompiling main.c[0m
main.c:29:1: warning: function declaration isn't a prototype [-Wstrict-prototypes]
 bool gamble();// random choice [true, false]
 ^~~~
main.c:30:1: warning: function declaration isn't a prototype [-Wstrict-prototypes]
 int check_cylindar();//check whether the cylindar is arrived
 ^~~
main.c: In function 'main':
main.c:70:2: error: 'speed' undeclared (first use in this function); did you mean 'sleep'?
  speed = 300;
  ^~~~~
  sleep
main.c:70:2: note: each undeclared identifier is reported only once for each function it appears in
main.c:77:4: error: 'proximity' undeclared (first use in this function); did you mean 'porximity'?
    proximity[i] = get_calibrated_prox(i);
    ^~~~~~~~~
    porximity
main.c:82:21: warning: implicit declaration of function 'check_walls'; did you mean 'check_cylindar'? [-Wimplicit-function-declaration]
      wall_condition=check_walls(proximity);
                     ^~~~~~~~~~~
                     check_cylindar
main.c:83:6: error: 'circular' undeclared (first use in this function)
      circular=check_cylindar(proximity);
      ^~~~~~~~
main.c:63:6: warning: unused variable 'porximity' [-Wunused-variable]
  int porximity[8]; // proximity data array
      ^~~~~~~~~
main.c: In function 'toObstacle':
main.c:109:2: error: unknown type name 'unit16_t'; did you mean 'uint16_t'?
  unit16_t dist;
  ^~~~~~~~
  uint16_t
main.c:111:2: error: unknown type name 'ing'; did you mean 'int'?
  ing num=10;
  ^~~
  int
main.c:112:2: error: unknown type name 'unit16_t'; did you mean 'uint16_t'?
  unit16_t dist_history[num];
  ^~~~~~~~
  uint16_t
main.c:118:11: warning: implicit declaration of function 'VL53L0X_get_mm'; did you mean 'VL53L0X_get_gpio'? [-Wimplicit-function-declaration]
    dist = VL53L0X_get_mm();
           ^~~~~~~~~~~~~~
           VL53L0X_get_gpio
main.c:125:3: error: 'min' undeclared (first use in this function); did you mean 'main'?
   min = minimum(dist_history);
   ^~~
   main
main.c:125:9: warning: implicit declaration of function 'minimum' [-Wimplicit-function-declaration]
   min = minimum(dist_history);
         ^~~~~~~
main.c: In function 'random_choice':
main.c:204:2: error: label at end of compound statement
  default:
  ^~~~~~~
main.c: At top level:
main.c:220:6: warning: function declaration isn't a prototype [-Wstrict-prototypes]
 bool gamble(){
      ^~~~~~
main.c: In function 'gamble':
main.c:222:7: error: too few arguments to function 'time'
  seed=time();
       ^~~~
In file included from /home/uos/Documents/e_puck_F/Eclipse_e-puck2/Tools/gcc-arm-none-eabi-7-2017-q4-major/arm-none-eabi/include/stdio.h:29:0,
                 from main.c:1:
/home/uos/Documents/e_puck_F/Eclipse_e-puck2/Tools/gcc-arm-none-eabi-7-2017-q4-major/arm-none-eabi/include/time.h:59:11: note: declared here
 time_t    _EXFUN(time,     (time_t *_timer));
           ^
../e-puck2_main-processor/ChibiOS//os/common/ports/ARMCMx/compilers/GCC/rules.mk:216: recipe for target 'build/obj/main.o' failed
main.c:224:2: error: 'result' undeclared (first use in this function)
  result = rand();
  ^~~~~~
main.c: In function 'check_walls':
main.c:233:13: error: subscripted value is neither array nor pointer nor vector
  if (p_value[0]>300 && p_value[7]>=250)  wall_condition+=2^3;
             ^
main.c:233:31: error: subscripted value is neither array nor pointer nor vector
  if (p_value[0]>300 && p_value[7]>=250)  wall_condition+=2^3;
                               ^
main.c:235:6: error: 'p5' undeclared (first use in this function)
  if (p5>=200) wall_condition+=2^2;
      ^~
main.c:237:13: error: subscripted value is neither array nor pointer nor vector
  if (p_value[1]>=80 || p[2]>300) wall_condition+=2;
             ^
main.c:237:24: error: 'p' undeclared (first use in this function); did you mean 'p5'?
  if (p_value[1]>=80 || p[2]>300) wall_condition+=2;
                        ^
                        p5
main.c:239:13: error: subscripted value is neither array nor pointer nor vector
  if (p_value[3]>=100 && p_value[4]>=250) wall_condition+=1;
             ^
main.c:239:32: error: subscripted value is neither array nor pointer nor vector
  if (p_value[3]>=100 && p_value[4]>=250) wall_condition+=1;
                                ^
main.c:241:9: error: 'walls' undeclared (first use in this function)
  return walls;
         ^~~~~
main.c:229:21: warning: parameter 'p_value' set but not used [-Wunused-but-set-parameter]
 int check_walls(int p_value){
                     ^~~~~~~
main.c: At top level:
main.c:244:6: error: conflicting types for 'check_cylindar'
 bool check_cylindar(int p_value){
      ^~~~~~~~~~~~~~
main.c:30:5: note: previous declaration of 'check_cylindar' was here
 int check_cylindar();//check whether the cylindar is arrived
     ^~~~~~~~~~~~~~
main.c: In function 'check_cylindar':
main.c:246:13: error: subscripted value is neither array nor pointer nor vector
  if (p_value[0]>300 && p_value[0]<200) return true;
             ^
main.c:246:31: error: subscripted value is neither array nor pointer nor vector
  if (p_value[0]>300 && p_value[0]<200) return true;
                               ^
main.c:244:25: warning: parameter 'p_value' set but not used [-Wunused-but-set-parameter]
 bool check_cylindar(int p_value){
                         ^~~~~~~
main.c: In function 'gamble':
main.c:227:1: warning: control reaches end of non-void function [-Wreturn-type]
 }
 ^
main.c: In function 'check_walls':
main.c:242:1: warning: control reaches end of non-void function [-Wreturn-type]
 }
 ^
main.c: In function 'check_cylindar':
main.c:248:1: warning: control reaches end of non-void function [-Wreturn-type]
 }
 ^
make: *** [build/obj/main.o] Error 1
"make all" terminated with exit code 2. Build might be incomplete.
14:34:14 **** Build of configuration Default for project e-puck2_cpp ****
make all 
Compiler Options
arm-none-eabi-gcc -c -mcpu=cortex-m4 --specs=nosys.specs -lstdc++ -ffunction-sections -fdata-sections -fno-common -mfloat-abi=hard -mfpu=fpv4-sp-d16 -fsingle-precision-constant -Wall -Wextra -Wundef -Wstrict-prototypes -Wno-implicit-fallthrough -Wa,-alms=build/lst/ -DCORTEX_USE_FPU=TRUE -DSTDOUT_SD=SDU1 -DSTDIN_SD=SDU1 -DARM_MATH_CM4 -D__FPU_PRESENT -DTHUMB_PRESENT -mno-thumb-interwork -DTHUMB_NO_INTERWORKING -MD -MP -MF .dep/build.d -I. -I../e-puck2_main-processor/ChibiOS_ext/os/hal/include -I../e-puck2_main-processor/ChibiOS_ext/os/hal/ports/STM32/STM32F4xx -I../e-puck2_main-processor/src/epuck1x -I../e-puck2_main-processor/src/ -I../e-puck2_main-processor/ChibiOS//os/common/ports/ARMCMx/devices/STM32F4xx -I../e-puck2_main-processor/ChibiOS//os/ext/CMSIS/include -I../e-puck2_main-processor/ChibiOS//os/ext/CMSIS/ST -I../e-puck2_main-processor/ChibiOS//os/rt/include -I../e-puck2_main-processor/ChibiOS//os/rt/ports/ARMCMx -I../e-puck2_main-processor/ChibiOS//os/rt/ports/ARMCMx/compilers/GCC -I../e-puck2_main-processor/ChibiOS//os/hal/osal/rt -I../e-puck2_main-processor/ChibiOS//os/hal/include -I../e-puck2_main-processor/ChibiOS//os/hal/ports/common/ARMCMx -I../e-puck2_main-processor/ChibiOS//os/hal/ports/STM32/STM32F4xx -I../e-puck2_main-processor/ChibiOS//os/hal/ports/STM32/LLD -I../e-puck2_main-processor/ChibiOS//os/hal/ports/STM32/LLD/DACv1 -I../e-puck2_main-processor/ChibiOS//os/hal/ports/STM32/LLD/GPIOv2 -I../e-puck2_main-processor/ChibiOS//os/hal/ports/STM32/LLD/I2Cv1 -I../e-puck2_main-processor/ChibiOS//os/hal/ports/STM32/LLD/OTGv1 -I../e-puck2_main-processor/ChibiOS//os/hal/ports/STM32/LLD/RTCv2 -I../e-puck2_main-processor/ChibiOS//os/hal/ports/STM32/LLD/SPIv1 -I../e-puck2_main-processor/ChibiOS//os/hal/ports/STM32/LLD/TIMv1 -I../e-puck2_main-processor/ChibiOS//os/hal/ports/STM32/LLD/USARTv1 -I../e-puck2_main-processor/ChibiOS//os/hal/ports/STM32/LLD/FSMCv1 -I../e-puck2_main-processor/ChibiOS_ext//os/hal/boards/epuck2 -I../e-puck2_main-processor/ChibiOS//test/rt -I../e-puck2_main-processor/ChibiOS//os/various -I../e-puck2_main-processor/ChibiOS//os/hal/lib/streams -I../e-puck2_main-processor/aseba -I../e-puck2_main-processor/ChibiOS_ext//ext/fatfs/src -I../e-puck2_main-processor/src main.c -o main.o

[1;34mCompiling crt0_v7m.s[0m
[1;34mCompiling chcoreasm_v7m.s[0m
[1;34mCompiling stack.c[0m
[1;34mCompiling spi3_slave_lld.c[0m
[1;34mCompiling dcmi_lld.c[0m
[1;34mCompiling dcmi.c[0m
[1;34mCompiling spi3_slave.c[0m
[1;34mCompiling audio_thread.c[0m
[1;34mCompiling microphone.c[0m
[1;34mCompiling mp45dt02_processing.c[0m
[1;34mCompiling play_melody.c[0m
[1;34mCompiling button.c[0m
[1;34mCompiling camera.c[0m
[1;34mCompiling dcmi_camera.c[0m
[1;34mCompiling ov2640.c[0m
[1;34mCompiling ov7670.c[0m
[1;34mCompiling po6030.c[0m
[1;34mCompiling po8030.c[0m
[1;34mCompiling cmd.c[0m
[1;34mCompiling Asercom.c[0m
[1;34mCompiling Asercom2.c[0m
[1;34mCompiling DataEEPROM.c[0m
[1;34mCompiling e_I2C_protocol.c[0m
[1;34mCompiling e_acc.c[0m
[1;34mCompiling e_ad_conv.c[0m
[1;34mCompiling e_micro.c[0m
[1;34mCompiling e_prox.c[0m
[1;34mCompiling e_lsm330.c[0m
[1;34mCompiling e_common.c[0m
[1;34mCompiling e_sound.c[0m
[1;34mCompiling e_agenda.c[0m
[1;34mCompiling e_led.c[0m
[1;34mCompiling e_motors.c[0m
[1;34mCompiling e_remote_control.c[0m
[1;34mCompiling e_init_port.c[0m
[1;34mCompiling e_uart_char.c[0m
[1;34mCompiling utility.c[0m
[1;34mCompiling exti.c[0m
[1;34mCompiling flash.c[0m
[1;34mCompiling i2c_bus.c[0m
[1;34mCompiling ir_remote.c[0m
[1;34mCompiling leds.c[0m
[1;34mCompiling memory_protection.c[0m
[1;34mCompiling motors.c[0m
[1;34mCompiling panic.c[0m
[1;34mCompiling selector.c[0m
[1;34mCompiling battery_level.c[0m
[1;34mCompiling ground.c[0m
[1;34mCompiling imu.c[0m
[1;34mCompiling mpu9250.c[0m
[1;34mCompiling proximity.c[0m
[1;34mCompiling serial_comm.c[0m
[1;34mCompiling spi_comm.c[0m
[1;34mCompiling sdio.c[0m
[1;34mCompiling usbcfg.c[0m
[1;34mCompiling uc_usage.c[0m
[1;34mCompiling malloc_lock.c[0m
[1;34mCompiling newlib_syscalls.c[0m
[1;34mCompiling port.c[0m
[1;34mCompiling communication.c[0m
[1;34mCompiling config_flash_storage.c[0m
[1;34mCompiling vl53l0x_api.c[0m
[1;34mCompiling vl53l0x_api_calibration.c[0m
[1;34mCompiling vl53l0x_api_core.c[0m
[1;34mCompiling vl53l0x_api_ranging.c[0m
[1;34mCompiling vl53l0x_api_strings.c[0m
[1;34mCompiling vl53l0x_i2c_platform.c[0m
[1;34mCompiling vl53l0x_platform.c[0m
[1;34mCompiling VL53L0X.c[0m
[1;34mCompiling serial_datagram.c[0m
[1;34mCompiling cmp.c[0m
[1;34mCompiling cmp_mem_access.c[0m
[1;34mCompiling crc16.c[0m
[1;34mCompiling crc32.c[0m
[1;34mCompiling messagebus.c[0m
[1;34mCompiling parameter.c[0m
[1;34mCompiling parameter_msgpack.c[0m
[1;34mCompiling parameter_print.c[0m
[1;34mCompiling fat.c[0m
[1;34mCompiling play_sound_file.c[0m
[1;34mCompiling behaviors.c[0m
[1;34mCompiling ircom.c[0m
[1;34mCompiling ircomReceive.c[0m
[1;34mCompiling ircomTools.c[0m
[1;34mCompiling ircomMessages.c[0m
[1;34mCompiling ircomSend.c[0m
[1;34mCompiling transceiver.c[0m
[1;34mCompiling crt1.c[0m
[1;34mCompiling vectors.c[0m
[1;34mCompiling chsys.c[0m
[1;34mCompiling chdebug.c[0m
[1;34mCompiling chvt.c[0m
[1;34mCompiling chschd.c[0m
[1;34mCompiling chthreads.c[0m
[1;34mCompiling chtm.c[0m
[1;34mCompiling chstats.c[0m
[1;34mCompiling chdynamic.c[0m
[1;34mCompiling chregistry.c[0m
[1;34mCompiling chsem.c[0m
[1;34mCompiling chmtx.c[0m
[1;34mCompiling chcond.c[0m
[1;34mCompiling chevents.c[0m
[1;34mCompiling chmsg.c[0m
[1;34mCompiling chmboxes.c[0m
[1;34mCompiling chqueues.c[0m
[1;34mCompiling chmemcore.c[0m
[1;34mCompiling chheap.c[0m
[1;34mCompiling chmempools.c[0m
[1;34mCompiling chcore.c[0m
[1;34mCompiling chcore_v7m.c[0m
[1;34mCompiling osal.c[0m
[1;34mCompiling hal.c[0m
[1;34mCompiling hal_queues.c[0m
[1;34mCompiling hal_mmcsd.c[0m
[1;34mCompiling adc.c[0m
[1;34mCompiling can.c[0m
[1;34mCompiling dac.c[0m
[1;34mCompiling ext.c[0m
[1;34mCompiling gpt.c[0m
[1;34mCompiling i2c.c[0m
[1;34mCompiling i2s.c[0m
[1;34mCompiling icu.c[0m
[1;34mCompiling mac.c[0m
[1;34mCompiling mmc_spi.c[0m
[1;34mCompiling pal.c[0m
[1;34mCompiling pwm.c[0m
[1;34mCompiling rtc.c[0m
[1;34mCompiling sdc.c[0m
[1;34mCompiling serial.c[0m
[1;34mCompiling serial_usb.c[0m
[1;34mCompiling spi.c[0m
[1;34mCompiling st.c[0m
[1;34mCompiling uart.c[0m
[1;34mCompiling usb.c[0m
[1;34mCompiling nvic.c[0m
[1;34mCompiling stm32_dma.c[0m
[1;34mCompiling hal_lld.c[0m
[1;34mCompiling adc_lld.c[0m
[1;34mCompiling ext_lld_isr.c[0m
[1;34mCompiling can_lld.c[0m
[1;34mCompiling ext_lld.c[0m
[1;34mCompiling mac_lld.c[0m
[1;34mCompiling sdc_lld.c[0m
[1;34mCompiling dac_lld.c[0m
[1;34mCompiling pal_lld.c[0m
[1;34mCompiling i2c_lld.c[0m
[1;34mCompiling usb_lld.c[0m
[1;34mCompiling rtc_lld.c[0m
[1;34mCompiling i2s_lld.c[0m
[1;34mCompiling spi_lld.c[0m
[1;34mCompiling gpt_lld.c[0m
[1;34mCompiling icu_lld.c[0m
[1;34mCompiling pwm_lld.c[0m
[1;34mCompiling st_lld.c[0m
[1;34mCompiling serial_lld.c[0m
[1;34mCompiling uart_lld.c[0m
[1;34mCompiling board.c[0m
[1;34mCompiling test.c[0m
[1;34mCompiling testthd.c[0m
[1;34mCompiling testsem.c[0m
[1;34mCompiling testmtx.c[0m
[1;34mCompiling testmsg.c[0m
[1;34mCompiling testmbox.c[0m
[1;34mCompiling testevt.c[0m
[1;34mCompiling testheap.c[0m
[1;34mCompiling testpools.c[0m
[1;34mCompiling testdyn.c[0m
[1;34mCompiling testqueues.c[0m
[1;34mCompiling testsys.c[0m
[1;34mCompiling testbmk.c[0m
[1;34mCompiling shell.c[0m
[1;34mCompiling memstreams.c[0m
[1;34mCompiling chprintf.c[0m
[1;34mCompiling fatfs_diskio.c[0m
[1;34mCompiling fatfs_syscall.c[0m
[1;34mCompiling ff.c[0m
[1;34mCompiling unicode.c[0m
[1;34mCompiling vm-buffer.c[0m
[1;34mCompiling can-buffer.c[0m
[1;34mCompiling can-net.c[0m
[1;34mCompiling natives.c[0m
[1;34mCompiling vm.c[0m
[1;34mCompiling aseba_can_interface.c[0m
[1;34mCompiling aseba_node.c[0m
[1;34mCompiling skel_user.c[0m
[1;34mCompiling aseba_bridge.c[0m
[1;34mCompiling Robot.cpp[0m
[1;34mCompiling main.cpp[0m
[1;34mLinking build/e-puck2_cpp.elf[0m
[1;34mCreating build/e-puck2_cpp.hex[0m
[1;34mCreating build/e-puck2_cpp.bin[0m
[1;34mCreating build/e-puck2_cpp.dmp[0m

   text	   data	    bss	    dec	    hex	filename
  60784	   2940	   6236	  69960	  11148	build/e-puck2_cpp.elf
[1;34mCreating build/e-puck2_cpp.list[0m

[1;34mDone[0m
14:36:48 **** Incremental Build of configuration Default for project MyProject ****
make all 
[1;34mCompiling main.c[0m
main.c:29:1: warning: function declaration isn't a prototype [-Wstrict-prototypes]
 bool gamble();// random choice [true, false]
 ^~~~
main.c:30:1: warning: function declaration isn't a prototype [-Wstrict-prototypes]
 int check_cylindar();//check whether the cylindar is arrived
 ^~~
main.c: In function 'main':
main.c:83:21: warning: implicit declaration of function 'check_walls'; did you mean 'check_cylindar'? [-Wimplicit-function-declaration]
      wall_condition=check_walls(proximity);
                     ^~~~~~~~~~~
                     check_cylindar
main.c: At top level:
main.c:222:6: warning: function declaration isn't a prototype [-Wstrict-prototypes]
 bool gamble(){
      ^~~~~~
main.c: In function 'gamble':
main.c:224:7: error: too few arguments to function 'time'
  seed=time();
       ^~~~
In file included from /home/uos/Documents/e_puck_F/Eclipse_e-puck2/Tools/gcc-arm-none-eabi-7-2017-q4-major/arm-none-eabi/include/stdio.h:29:0,
                 from main.c:1:
/home/uos/Documents/e_puck_F/Eclipse_e-puck2/Tools/gcc-arm-none-eabi-7-2017-q4-major/arm-none-eabi/include/time.h:59:11: note: declared here
 time_t    _EXFUN(time,     (time_t *_timer));
           ^
main.c:227:12: error: invalid operands to binary % (have 'float' and 'int')
  if (result%2==0) return false;
            ^
../e-puck2_main-processor/ChibiOS//os/common/ports/ARMCMx/compilers/GCC/rules.mk:216: recipe for target 'build/obj/main.o' failed
main.c: In function 'check_walls':
main.c:235:13: error: subscripted value is neither array nor pointer nor vector
  if (p_value[0]>300 && p_value[7]>250)  wall_condition+=2^3;
             ^
main.c:235:31: error: subscripted value is neither array nor pointer nor vector
  if (p_value[0]>300 && p_value[7]>250)  wall_condition+=2^3;
                               ^
main.c:237:6: error: 'p5' undeclared (first use in this function)
  if (p5>200) wall_condition+=2^2;
      ^~
main.c:237:6: note: each undeclared identifier is reported only once for each function it appears in
main.c:239:13: error: subscripted value is neither array nor pointer nor vector
  if (p_value[1]>=80 || p[2]>300) wall_condition+=2;
             ^
main.c:239:24: error: 'p' undeclared (first use in this function); did you mean 'p5'?
  if (p_value[1]>=80 || p[2]>300) wall_condition+=2;
                        ^
                        p5
main.c:241:13: error: subscripted value is neither array nor pointer nor vector
  if (p_value[3]>=100 && p_value[4]>=250) wall_condition+=1;
             ^
main.c:241:32: error: subscripted value is neither array nor pointer nor vector
  if (p_value[3]>=100 && p_value[4]>=250) wall_condition+=1;
                                ^
main.c:243:9: error: 'walls' undeclared (first use in this function)
  return walls;
         ^~~~~
main.c:231:21: warning: parameter 'p_value' set but not used [-Wunused-but-set-parameter]
 int check_walls(int p_value){
                     ^~~~~~~
main.c: At top level:
main.c:246:6: error: conflicting types for 'check_cylindar'
 bool check_cylindar(int p_value){
      ^~~~~~~~~~~~~~
main.c:30:5: note: previous declaration of 'check_cylindar' was here
 int check_cylindar();//check whether the cylindar is arrived
     ^~~~~~~~~~~~~~
main.c: In function 'check_cylindar':
main.c:248:13: error: subscripted value is neither array nor pointer nor vector
  if (p_value[0]>300 && p_value[0]<200) return true;
             ^
main.c:248:31: error: subscripted value is neither array nor pointer nor vector
  if (p_value[0]>300 && p_value[0]<200) return true;
                               ^
main.c:246:25: warning: parameter 'p_value' set but not used [-Wunused-but-set-parameter]
 bool check_cylindar(int p_value){
                         ^~~~~~~
main.c: In function 'gamble':
main.c:229:1: warning: control reaches end of non-void function [-Wreturn-type]
 }
 ^
main.c: In function 'check_walls':
main.c:244:1: warning: control reaches end of non-void function [-Wreturn-type]
 }
 ^
main.c: In function 'check_cylindar':
main.c:250:1: warning: control reaches end of non-void function [-Wreturn-type]
 }
 ^
make: *** [build/obj/main.o] Error 1
"make all" terminated with exit code 2. Build might be incomplete.
14:37:12 **** Incremental Build of configuration Default for project MyProject ****
make all 
[1;34mCompiling main.c[0m
main.c:29:1: warning: function declaration isn't a prototype [-Wstrict-prototypes]
 bool gamble();// random choice [true, false]
 ^~~~
main.c:30:1: warning: function declaration isn't a prototype [-Wstrict-prototypes]
 int check_cylindar();//check whether the cylindar is arrived
 ^~~
main.c: In function 'main':
main.c:83:21: warning: implicit declaration of function 'check_walls'; did you mean 'check_cylindar'? [-Wimplicit-function-declaration]
      wall_condition=check_walls(proximity);
                     ^~~~~~~~~~~
                     check_cylindar
main.c: At top level:
main.c:222:6: warning: function declaration isn't a prototype [-Wstrict-prototypes]
 bool gamble(){
      ^~~~~~
main.c: In function 'gamble':
main.c:224:7: error: too few arguments to function 'time'
  seed=time();
       ^~~~
In file included from /home/uos/Documents/e_puck_F/Eclipse_e-puck2/Tools/gcc-arm-none-eabi-7-2017-q4-major/arm-none-eabi/include/stdio.h:29:0,
                 from main.c:1:
/home/uos/Documents/e_puck_F/Eclipse_e-puck2/Tools/gcc-arm-none-eabi-7-2017-q4-major/arm-none-eabi/include/time.h:59:11: note: declared here
 time_t    _EXFUN(time,     (time_t *_timer));
           ^
main.c:227:12: error: invalid operands to binary % (have 'float' and 'int')
  if (result%2==0) return false;
            ^
main.c: In function 'check_walls':
main.c:237:6: error: 'p5' undeclared (first use in this function)
  if (p5>200) wall_condition+=2^2;
      ^~
main.c:237:6: note: each undeclared identifier is reported only once for each function it appears in
../e-puck2_main-processor/ChibiOS//os/common/ports/ARMCMx/compilers/GCC/rules.mk:216: recipe for target 'build/obj/main.o' failed
main.c:239:24: error: 'p' undeclared (first use in this function); did you mean 'p5'?
  if (p_value[1]>=80 || p[2]>300) wall_condition+=2;
                        ^
                        p5
main.c:243:9: error: 'walls' undeclared (first use in this function)
  return walls;
         ^~~~~
main.c: At top level:
main.c:246:6: error: conflicting types for 'check_cylindar'
 bool check_cylindar(int p_value[]){
      ^~~~~~~~~~~~~~
main.c:30:5: note: previous declaration of 'check_cylindar' was here
 int check_cylindar();//check whether the cylindar is arrived
     ^~~~~~~~~~~~~~
main.c: In function 'gamble':
main.c:229:1: warning: control reaches end of non-void function [-Wreturn-type]
 }
 ^
main.c: In function 'check_walls':
main.c:244:1: warning: control reaches end of non-void function [-Wreturn-type]
 }
 ^
make: *** [build/obj/main.o] Error 1
"make all" terminated with exit code 2. Build might be incomplete.
14:38:01 **** Incremental Build of configuration Default for project MyProject ****
make all 
[1;34mCompiling main.c[0m
main.c:29:1: warning: function declaration isn't a prototype [-Wstrict-prototypes]
 bool gamble();// random choice [true, false]
 ^~~~
main.c:30:1: warning: function declaration isn't a prototype [-Wstrict-prototypes]
 int check_cylindar();//check whether the cylindar is arrived
 ^~~
main.c: In function 'main':
main.c:83:21: warning: implicit declaration of function 'check_walls'; did you mean 'check_cylindar'? [-Wimplicit-function-declaration]
      wall_condition=check_walls(proximity);
                     ^~~~~~~~~~~
                     check_cylindar
main.c: At top level:
main.c:222:6: warning: function declaration isn't a prototype [-Wstrict-prototypes]
 bool gamble(){
      ^~~~~~
main.c: In function 'gamble':
main.c:224:7: error: too few arguments to function 'time'
  seed=time();
       ^~~~
In file included from /home/uos/Documents/e_puck_F/Eclipse_e-puck2/Tools/gcc-arm-none-eabi-7-2017-q4-major/arm-none-eabi/include/stdio.h:29:0,
                 from main.c:1:
/home/uos/Documents/e_puck_F/Eclipse_e-puck2/Tools/gcc-arm-none-eabi-7-2017-q4-major/arm-none-eabi/include/time.h:59:11: note: declared here
../e-puck2_main-processor/ChibiOS//os/common/ports/ARMCMx/compilers/GCC/rules.mk:216: recipe for target 'build/obj/main.o' failed
 time_t    _EXFUN(time,     (time_t *_timer));
           ^
main.c:227:12: error: invalid operands to binary % (have 'float' and 'int')
  if (result%2==0) return false;
            ^
main.c: In function 'check_walls':
main.c:243:9: error: 'walls' undeclared (first use in this function)
  return walls;
         ^~~~~
main.c:243:9: note: each undeclared identifier is reported only once for each function it appears in
main.c: At top level:
main.c:246:6: error: conflicting types for 'check_cylindar'
 bool check_cylindar(int p_value[]){
      ^~~~~~~~~~~~~~
main.c:30:5: note: previous declaration of 'check_cylindar' was here
 int check_cylindar();//check whether the cylindar is arrived
     ^~~~~~~~~~~~~~
main.c: In function 'gamble':
main.c:229:1: warning: control reaches end of non-void function [-Wreturn-type]
 }
 ^
main.c: In function 'check_walls':
main.c:244:1: warning: control reaches end of non-void function [-Wreturn-type]
 }
 ^
make: *** [build/obj/main.o] Error 1
"make all" terminated with exit code 2. Build might be incomplete.
14:39:20 **** Incremental Build of configuration Default for project MyProject ****
make all 
[1;34mCompiling main.c[0m
main.c:29:1: warning: function declaration isn't a prototype [-Wstrict-prototypes]
 bool gamble();// random choice [true, false]
 ^~~~
main.c:30:1: warning: function declaration isn't a prototype [-Wstrict-prototypes]
 int check_cylindar();//check whether the cylindar is arrived
 ^~~
main.c:33:6: error: conflicting types for 'check_cylindar'
 bool check_cylindar(int p_value[]);
      ^~~~~~~~~~~~~~
main.c:30:5: note: previous declaration of 'check_cylindar' was here
 int check_cylindar();//check whether the cylindar is arrived
     ^~~~~~~~~~~~~~
main.c: In function 'main':
main.c:84:21: warning: implicit declaration of function 'check_walls'; did you mean 'check_cylindar'? [-Wimplicit-function-declaration]
      wall_condition=check_walls(proximity);
                     ^~~~~~~~~~~
                     check_cylindar
main.c: At top level:
main.c:223:6: warning: function declaration isn't a prototype [-Wstrict-prototypes]
 bool gamble(){
      ^~~~~~
main.c: In function 'gamble':
main.c:225:7: error: too few arguments to function 'time'
  seed=time();
       ^~~~
In file included from /home/uos/Documents/e_puck_F/Eclipse_e-puck2/Tools/gcc-arm-none-eabi-7-2017-q4-major/arm-none-eabi/include/stdio.h:29:0,
                 from main.c:1:
/home/uos/Documents/e_puck_F/Eclipse_e-puck2/Tools/gcc-arm-none-eabi-7-2017-q4-major/arm-none-eabi/include/time.h:59:11: note: declared here
 time_t    _EXFUN(time,     (time_t *_timer));
           ^
main.c:228:12: error: invalid operands to binary % (have 'float' and 'int')
  if (result%2==0) return false;
            ^
main.c: At top level:
main.c:247:6: error: conflicting types for 'check_cylindar'
 bool check_cylindar(int p_value[]){
      ^~~~~~~~~~~~~~
main.c:30:5: note: previous declaration of 'check_cylindar' was here
../e-puck2_main-processor/ChibiOS//os/common/ports/ARMCMx/compilers/GCC/rules.mk:216: recipe for target 'build/obj/main.o' failed
 int check_cylindar();//check whether the cylindar is arrived
     ^~~~~~~~~~~~~~
main.c: In function 'gamble':
main.c:230:1: warning: control reaches end of non-void function [-Wreturn-type]
 }
 ^
make: *** [build/obj/main.o] Error 1
"make all" terminated with exit code 2. Build might be incomplete.
14:42:59 **** Incremental Build of configuration Default for project MyProject ****
make all 
[1;34mCompiling main.c[0m
main.c:29:1: warning: function declaration isn't a prototype [-Wstrict-prototypes]
 int gamble();// random choice [true, false]
 ^~~
main.c:30:1: warning: function declaration isn't a prototype [-Wstrict-prototypes]
 int check_cylindar();//check whether the cylindar is arrived
 ^~~
main.c: In function 'main':
main.c:84:21: warning: implicit declaration of function 'check_walls'; did you mean 'check_cylindar'? [-Wimplicit-function-declaration]
      wall_condition=check_walls(proximity);
                     ^~~~~~~~~~~
                     check_cylindar
main.c: At top level:
main.c:223:5: warning: function declaration isn't a prototype [-Wstrict-prototypes]
 int gamble(){
     ^~~~~~
main.c: In function 'gamble':
main.c:228:12: error: invalid operands to binary % (have 'float' and 'int')
  if (result%2==0) return 0;
            ^
main.c:224:11: warning: unused variable 'seed' [-Wunused-variable]
  unsigned seed;
           ^~~~
main.c:230:1: warning: control reaches end of non-void function [-Wreturn-type]
 }
 ^
make: *** [build/obj/main.o] Error 1
../e-puck2_main-processor/ChibiOS//os/common/ports/ARMCMx/compilers/GCC/rules.mk:216: recipe for target 'build/obj/main.o' failed
"make all" terminated with exit code 2. Build might be incomplete.
14:43:22 **** Incremental Build of configuration Default for project MyProject ****
make all 
[1;34mCompiling main.c[0m
main.c:29:1: warning: function declaration isn't a prototype [-Wstrict-prototypes]
 int gamble();// random choice [true, false]
 ^~~
main.c:30:1: warning: function declaration isn't a prototype [-Wstrict-prototypes]
 int check_cylindar();//check whether the cylindar is arrived
 ^~~
main.c: In function 'main':
main.c:84:21: warning: implicit declaration of function 'check_walls'; did you mean 'check_cylindar'? [-Wimplicit-function-declaration]
      wall_condition=check_walls(proximity);
                     ^~~~~~~~~~~
                     check_cylindar
main.c: At top level:
main.c:223:5: warning: function declaration isn't a prototype [-Wstrict-prototypes]
 int gamble(){
     ^~~~~~
main.c: In function 'gamble':
main.c:224:11: warning: unused variable 'seed' [-Wunused-variable]
  unsigned seed;
           ^~~~
[1;34mCompiling spi3_slave_lld.c[0m
[1;34mCompiling dcmi_lld.c[0m
[1;34mCompiling dcmi.c[0m
[1;34mCompiling spi3_slave.c[0m
[1;34mCompiling audio_thread.c[0m
[1;34mCompiling microphone.c[0m
[1;34mCompiling mp45dt02_processing.c[0m
[1;34mCompiling play_melody.c[0m
[1;34mCompiling button.c[0m
[1;34mCompiling camera.c[0m
[1;34mCompiling dcmi_camera.c[0m
[1;34mCompiling ov2640.c[0m
[1;34mCompiling ov7670.c[0m
[1;34mCompiling po6030.c[0m
[1;34mCompiling po8030.c[0m
[1;34mCompiling cmd.c[0m
[1;34mCompiling Asercom.c[0m
[1;34mCompiling Asercom2.c[0m
[1;34mCompiling DataEEPROM.c[0m
[1;34mCompiling e_I2C_protocol.c[0m
[1;34mCompiling e_acc.c[0m
[1;34mCompiling e_ad_conv.c[0m
[1;34mCompiling e_micro.c[0m
[1;34mCompiling e_prox.c[0m
[1;34mCompiling e_lsm330.c[0m
[1;34mCompiling e_common.c[0m
[1;34mCompiling e_sound.c[0m
[1;34mCompiling e_agenda.c[0m
[1;34mCompiling e_led.c[0m
[1;34mCompiling e_motors.c[0m
[1;34mCompiling e_remote_control.c[0m
[1;34mCompiling e_init_port.c[0m
[1;34mCompiling e_uart_char.c[0m
[1;34mCompiling utility.c[0m
[1;34mCompiling exti.c[0m
[1;34mCompiling flash.c[0m
[1;34mCompiling i2c_bus.c[0m
[1;34mCompiling ir_remote.c[0m
[1;34mCompiling leds.c[0m
[1;34mCompiling memory_protection.c[0m
[1;34mCompiling motors.c[0m
[1;34mCompiling panic.c[0m
[1;34mCompiling selector.c[0m
[1;34mCompiling battery_level.c[0m
[1;34mCompiling ground.c[0m
[1;34mCompiling imu.c[0m
[1;34mCompiling mpu9250.c[0m
[1;34mCompiling proximity.c[0m
[1;34mCompiling serial_comm.c[0m
[1;34mCompiling spi_comm.c[0m
[1;34mCompiling sdio.c[0m
[1;34mCompiling usbcfg.c[0m
[1;34mCompiling uc_usage.c[0m
[1;34mCompiling malloc_lock.c[0m
[1;34mCompiling newlib_syscalls.c[0m
[1;34mCompiling port.c[0m
[1;34mCompiling communication.c[0m
[1;34mCompiling config_flash_storage.c[0m
[1;34mCompiling vl53l0x_api.c[0m
[1;34mCompiling vl53l0x_api_calibration.c[0m
[1;34mCompiling vl53l0x_api_core.c[0m
[1;34mCompiling vl53l0x_api_ranging.c[0m
[1;34mCompiling vl53l0x_api_strings.c[0m
[1;34mCompiling vl53l0x_i2c_platform.c[0m
[1;34mCompiling vl53l0x_platform.c[0m
[1;34mCompiling VL53L0X.c[0m
[1;34mCompiling serial_datagram.c[0m
[1;34mCompiling cmp.c[0m
[1;34mCompiling cmp_mem_access.c[0m
[1;34mCompiling crc16.c[0m
[1;34mCompiling crc32.c[0m
[1;34mCompiling messagebus.c[0m
[1;34mCompiling parameter.c[0m
[1;34mCompiling parameter_msgpack.c[0m
[1;34mCompiling parameter_print.c[0m
[1;34mCompiling fat.c[0m
[1;34mCompiling play_sound_file.c[0m
[1;34mCompiling behaviors.c[0m
[1;34mCompiling ircom.c[0m
[1;34mCompiling ircomReceive.c[0m
[1;34mCompiling ircomTools.c[0m
[1;34mCompiling ircomMessages.c[0m
[1;34mCompiling ircomSend.c[0m
[1;34mCompiling transceiver.c[0m
[1;34mCompiling crt1.c[0m
[1;34mCompiling vectors.c[0m
[1;34mCompiling chsys.c[0m
[1;34mCompiling chdebug.c[0m
[1;34mCompiling chvt.c[0m
[1;34mCompiling chschd.c[0m
[1;34mCompiling chthreads.c[0m
[1;34mCompiling chtm.c[0m
[1;34mCompiling chstats.c[0m
[1;34mCompiling chdynamic.c[0m
[1;34mCompiling chregistry.c[0m
[1;34mCompiling chsem.c[0m
[1;34mCompiling chmtx.c[0m
[1;34mCompiling chcond.c[0m
[1;34mCompiling chevents.c[0m
[1;34mCompiling chmsg.c[0m
[1;34mCompiling chmboxes.c[0m
[1;34mCompiling chqueues.c[0m
[1;34mCompiling chmemcore.c[0m
[1;34mCompiling chheap.c[0m
[1;34mCompiling chmempools.c[0m
[1;34mCompiling chcore.c[0m
[1;34mCompiling chcore_v7m.c[0m
[1;34mCompiling osal.c[0m
[1;34mCompiling hal.c[0m
[1;34mCompiling hal_queues.c[0m
[1;34mCompiling hal_mmcsd.c[0m
[1;34mCompiling adc.c[0m
[1;34mCompiling can.c[0m
[1;34mCompiling dac.c[0m
[1;34mCompiling ext.c[0m
[1;34mCompiling gpt.c[0m
[1;34mCompiling i2c.c[0m
[1;34mCompiling i2s.c[0m
[1;34mCompiling icu.c[0m
[1;34mCompiling mac.c[0m
[1;34mCompiling mmc_spi.c[0m
[1;34mCompiling pal.c[0m
[1;34mCompiling pwm.c[0m
[1;34mCompiling rtc.c[0m
[1;34mCompiling sdc.c[0m
[1;34mCompiling serial.c[0m
[1;34mCompiling serial_usb.c[0m
[1;34mCompiling spi.c[0m
[1;34mCompiling st.c[0m
[1;34mCompiling uart.c[0m
[1;34mCompiling usb.c[0m
[1;34mCompiling nvic.c[0m
[1;34mCompiling stm32_dma.c[0m
[1;34mCompiling hal_lld.c[0m
[1;34mCompiling adc_lld.c[0m
[1;34mCompiling ext_lld_isr.c[0m
[1;34mCompiling can_lld.c[0m
[1;34mCompiling ext_lld.c[0m
[1;34mCompiling mac_lld.c[0m
[1;34mCompiling sdc_lld.c[0m
[1;34mCompiling dac_lld.c[0m
[1;34mCompiling pal_lld.c[0m
[1;34mCompiling i2c_lld.c[0m
[1;34mCompiling usb_lld.c[0m
[1;34mCompiling rtc_lld.c[0m
[1;34mCompiling i2s_lld.c[0m
[1;34mCompiling spi_lld.c[0m
[1;34mCompiling gpt_lld.c[0m
[1;34mCompiling icu_lld.c[0m
[1;34mCompiling pwm_lld.c[0m
[1;34mCompiling st_lld.c[0m
[1;34mCompiling serial_lld.c[0m
[1;34mCompiling uart_lld.c[0m
[1;34mCompiling board.c[0m
[1;34mCompiling test.c[0m
[1;34mCompiling testthd.c[0m
[1;34mCompiling testsem.c[0m
[1;34mCompiling testmtx.c[0m
[1;34mCompiling testmsg.c[0m
[1;34mCompiling testmbox.c[0m
[1;34mCompiling testevt.c[0m
[1;34mCompiling testheap.c[0m
[1;34mCompiling testpools.c[0m
[1;34mCompiling testdyn.c[0m
[1;34mCompiling testqueues.c[0m
[1;34mCompiling testsys.c[0m
[1;34mCompiling testbmk.c[0m
[1;34mCompiling shell.c[0m
[1;34mCompiling memstreams.c[0m
[1;34mCompiling chprintf.c[0m
[1;34mCompiling fatfs_diskio.c[0m
[1;34mCompiling fatfs_syscall.c[0m
[1;34mCompiling ff.c[0m
[1;34mCompiling unicode.c[0m
[1;34mCompiling vm-buffer.c[0m
[1;34mCompiling can-buffer.c[0m
[1;34mCompiling can-net.c[0m
[1;34mCompiling natives.c[0m
[1;34mCompiling vm.c[0m
[1;34mCompiling aseba_can_interface.c[0m
[1;34mCompiling aseba_node.c[0m
[1;34mCompiling skel_user.c[0m
[1;34mCompiling aseba_bridge.c[0m
[1;34mLinking build/Project_template.elf[0m
[1;34mCreating build/Project_template.hex[0m
[1;34mCreating build/Project_template.bin[0m
[1;34mCreating build/Project_template.dmp[0m

   text	   data	    bss	    dec	    hex	filename
  81204	   3732	  18860	 103796	  19574	build/Project_template.elf
[1;34mCreating build/Project_template.list[0m

[1;34mDone[0m
15:00:34 **** Incremental Build of configuration Default for project MyProject ****
make all 
[1;34mCompiling main.c[0m
main.c:29:1: warning: function declaration isn't a prototype [-Wstrict-prototypes]
 int gamble();// random choice [true, false]
 ^~~
main.c:30:1: warning: function declaration isn't a prototype [-Wstrict-prototypes]
 int check_cylindar();//check whether the cylindar is arrived
 ^~~
main.c: In function 'main':
main.c:84:21: warning: implicit declaration of function 'check_walls'; did you mean 'check_cylindar'? [-Wimplicit-function-declaration]
      wall_condition=check_walls(proximity);
                     ^~~~~~~~~~~
                     check_cylindar
main.c:87:6: error: expected ';' before 'switch'
      switch(mode){
      ^~~~~~
main.c:72:6: warning: unused variable 'speed' [-Wunused-variable]
  int speed = 300;
      ^~~~~
main.c:68:6: warning: variable 'mode' set but not used [-Wunused-but-set-variable]
  int mode = get_selector();
      ^~~~
main.c:66:7: warning: variable 'circular' set but not used [-Wunused-but-set-variable]
  bool circular;
       ^~~~~~~~
main.c:65:6: warning: variable 'wall_condition' set but not used [-Wunused-but-set-variable]
  int wall_condition;
      ^~~~~~~~~~~~~~
main.c: At top level:
main.c:227:0: warning: "RAND_MAX" redefined
 #define RAND_MAX ((1U<<31)-1)
 
In file included from main.c:2:0:
/home/uos/Documents/e_puck_F/Eclipse_e-puck2/Tools/gcc-arm-none-eabi-7-2017-q4-major/arm-none-eabi/include/stdlib.h:63:0: note: this is the location of the previous definition
 #define RAND_MAX __RAND_MAX
 
main.c:242:5: warning: function declaration isn't a prototype [-Wstrict-prototypes]
 int gamble(){
../e-puck2_main-processor/ChibiOS//os/common/ports/ARMCMx/compilers/GCC/rules.mk:216: recipe for target 'build/obj/main.o' failed
     ^~~~~~
make: *** [build/obj/main.o] Error 1
"make all" terminated with exit code 2. Build might be incomplete.
15:01:03 **** Incremental Build of configuration Default for project MyProject ****
make all 
[1;34mCompiling main.c[0m
main.c:27:1: warning: function declaration isn't a prototype [-Wstrict-prototypes]
 int gamble();// random choice [true, false]
 ^~~
main.c:28:1: warning: function declaration isn't a prototype [-Wstrict-prototypes]
 int check_cylindar();//check whether the cylindar is arrived
 ^~~
main.c: In function 'main':
main.c:82:21: warning: implicit declaration of function 'check_walls'; did you mean 'check_cylindar'? [-Wimplicit-function-declaration]
      wall_condition=check_walls(proximity);
                     ^~~~~~~~~~~
                     check_cylindar
main.c:85:6: error: expected ';' before 'switch'
      switch(mode){
      ^~~~~~
main.c:70:6: warning: unused variable 'speed' [-Wunused-variable]
  int speed = 300;
      ^~~~~
main.c:66:6: warning: variable 'mode' set but not used [-Wunused-but-set-variable]
  int mode = get_selector();
      ^~~~
main.c:64:7: warning: variable 'circular' set but not used [-Wunused-but-set-variable]
  bool circular;
       ^~~~~~~~
main.c:63:6: warning: variable 'wall_condition' set but not used [-Wunused-but-set-variable]
  int wall_condition;
      ^~~~~~~~~~~~~~
main.c: At top level:
main.c:225:0: warning: "RAND_MAX" redefined
 #define RAND_MAX ((1U<<31)-1)
 
In file included from main.c:2:0:
/home/uos/Documents/e_puck_F/Eclipse_e-puck2/Tools/gcc-arm-none-eabi-7-2017-q4-major/arm-none-eabi/include/stdlib.h:63:0: note: this is the location of the previous definition
../e-puck2_main-processor/ChibiOS//os/common/ports/ARMCMx/compilers/GCC/rules.mk:216: recipe for target 'build/obj/main.o' failed
 #define RAND_MAX __RAND_MAX
 
main.c:240:5: warning: function declaration isn't a prototype [-Wstrict-prototypes]
 int gamble(){
     ^~~~~~
make: *** [build/obj/main.o] Error 1
"make all" terminated with exit code 2. Build might be incomplete.
15:01:30 **** Incremental Build of configuration Default for project MyProject ****
make all 
[1;34mCompiling main.c[0m
main.c:27:1: warning: function declaration isn't a prototype [-Wstrict-prototypes]
 int gamble();// random choice [true, false]
 ^~~
main.c:28:1: warning: function declaration isn't a prototype [-Wstrict-prototypes]
 int check_cylindar();//check whether the cylindar is arrived
 ^~~
main.c: In function 'main':
main.c:82:21: warning: implicit declaration of function 'check_walls'; did you mean 'check_cylindar'? [-Wimplicit-function-declaration]
      wall_condition=check_walls(proximity);
                     ^~~~~~~~~~~
                     check_cylindar
main.c: At top level:
main.c:225:0: warning: "RAND_MAX" redefined
 #define RAND_MAX ((1U<<31)-1)
 
In file included from main.c:2:0:
/home/uos/Documents/e_puck_F/Eclipse_e-puck2/Tools/gcc-arm-none-eabi-7-2017-q4-major/arm-none-eabi/include/stdlib.h:63:0: note: this is the location of the previous definition
 #define RAND_MAX __RAND_MAX
 
main.c:240:5: warning: function declaration isn't a prototype [-Wstrict-prototypes]
 int gamble(){
     ^~~~~~
[1;34mLinking build/Project_template.elf[0m
[1;34mCreating build/Project_template.hex[0m
[1;34mCreating build/Project_template.bin[0m
[1;34mCreating build/Project_template.dmp[0m

   text	   data	    bss	    dec	    hex	filename
  81332	   3732	  18868	 103932	  195fc	build/Project_template.elf
[1;34mCreating build/Project_template.list[0m

[1;34mDone[0m
15:02:33 **** Incremental Build of configuration Default for project MyProject ****
make all 
[1;34mCompiling main.c[0m
main.c:27:1: warning: function declaration isn't a prototype [-Wstrict-prototypes]
 int gamble();// random choice [true, false]
 ^~~
main.c:28:1: warning: function declaration isn't a prototype [-Wstrict-prototypes]
 int check_cylindar();//check whether the cylindar is arrived
 ^~~
main.c: In function 'main':
main.c:82:21: warning: implicit declaration of function 'check_walls'; did you mean 'check_cylindar'? [-Wimplicit-function-declaration]
      wall_condition=check_walls(proximity);
                     ^~~~~~~~~~~
                     check_cylindar
main.c: At top level:
main.c:225:0: warning: "RAND_MAX" redefined
 #define RAND_MAX ((1U<<31)-1)
 
In file included from main.c:2:0:
/home/uos/Documents/e_puck_F/Eclipse_e-puck2/Tools/gcc-arm-none-eabi-7-2017-q4-major/arm-none-eabi/include/stdlib.h:63:0: note: this is the location of the previous definition
 #define RAND_MAX __RAND_MAX
 
main.c:240:5: warning: function declaration isn't a prototype [-Wstrict-prototypes]
 int gamble(){
     ^~~~~~
[1;34mLinking build/Project_template.elf[0m
[1;34mCreating build/Project_template.hex[0m
[1;34mCreating build/Project_template.bin[0m
[1;34mCreating build/Project_template.dmp[0m

   text	   data	    bss	    dec	    hex	filename
  81332	   3732	  18868	 103932	  195fc	build/Project_template.elf
[1;34mCreating build/Project_template.list[0m

[1;34mDone[0m
15:06:17 **** Incremental Build of configuration Default for project MyProject ****
make all 
[1;34mCompiling main.c[0m
main.c:28:0: warning: "RAND_MAX" redefined
 #define RAND_MAX ((1U<<31)-1)
 
In file included from main.c:2:0:
/home/uos/Documents/e_puck_F/Eclipse_e-puck2/Tools/gcc-arm-none-eabi-7-2017-q4-major/arm-none-eabi/include/stdlib.h:63:0: note: this is the location of the previous definition
 #define RAND_MAX __RAND_MAX
 
main.c:45:1: warning: function declaration isn't a prototype [-Wstrict-prototypes]
 int gamble();// random choice [true, false]
 ^~~
main.c:46:1: warning: function declaration isn't a prototype [-Wstrict-prototypes]
 int check_cylindar();//check whether the cylindar is arrived
 ^~~
main.c: In function 'main':
main.c:100:21: warning: implicit declaration of function 'check_walls'; did you mean 'check_cylindar'? [-Wimplicit-function-declaration]
      wall_condition=check_walls(proximity);
                     ^~~~~~~~~~~
                     check_cylindar
main.c: At top level:
main.c:243:5: warning: function declaration isn't a prototype [-Wstrict-prototypes]
 int gamble(){
     ^~~~~~
[1;34mLinking build/Project_template.elf[0m
[1;34mCreating build/Project_template.hex[0m
[1;34mCreating build/Project_template.bin[0m
[1;34mCreating build/Project_template.dmp[0m

   text	   data	    bss	    dec	    hex	filename
  81332	   3732	  18868	 103932	  195fc	build/Project_template.elf
[1;34mCreating build/Project_template.list[0m

[1;34mDone[0m
15:07:48 **** Incremental Build of configuration Default for project MyProject ****
make all 
[1;34mCompiling main.c[0m
main.c:28:0: warning: "RAND_MAX" redefined
 #define RAND_MAX ((1U<<31)-1)
 
In file included from main.c:2:0:
/home/uos/Documents/e_puck_F/Eclipse_e-puck2/Tools/gcc-arm-none-eabi-7-2017-q4-major/arm-none-eabi/include/stdlib.h:63:0: note: this is the location of the previous definition
 #define RAND_MAX __RAND_MAX
 
main.c:45:1: warning: function declaration isn't a prototype [-Wstrict-prototypes]
 int gamble();// random choice [true, false]
 ^~~
main.c:46:1: warning: function declaration isn't a prototype [-Wstrict-prototypes]
 int check_cylindar();//check whether the cylindar is arrived
 ^~~
main.c: In function 'main':
main.c:100:21: warning: implicit declaration of function 'check_walls'; did you mean 'check_cylindar'? [-Wimplicit-function-declaration]
      wall_condition=check_walls(proximity);
                     ^~~~~~~~~~~
                     check_cylindar
main.c: At top level:
main.c:244:5: warning: function declaration isn't a prototype [-Wstrict-prototypes]
 int gamble(){
     ^~~~~~
[1;34mLinking build/Project_template.elf[0m
[1;34mCreating build/Project_template.hex[0m
[1;34mCreating build/Project_template.bin[0m
[1;34mCreating build/Project_template.dmp[0m

   text	   data	    bss	    dec	    hex	filename
  81412	   3732	  18868	 104012	  1964c	build/Project_template.elf
[1;34mCreating build/Project_template.list[0m

[1;34mDone[0m
15:08:33 **** Incremental Build of configuration Default for project MyProject ****
make all 
make: Nothing to be done for 'all'.
15:09:57 **** Incremental Build of configuration Default for project MyProject ****
make all 
make: Nothing to be done for 'all'.
15:10:12 **** Incremental Build of configuration Default for project MyProject ****
make all 
make: Nothing to be done for 'all'.
15:13:03 **** Incremental Build of configuration Default for project MyProject ****
make all 
make: Nothing to be done for 'all'.
15:13:16 **** Incremental Build of configuration Default for project MyProject ****
make all 
make: Nothing to be done for 'all'.
15:34:20 **** Incremental Build of configuration Default for project MyProject ****
make all 
[1;34mCompiling main.c[0m
main.c:28:0: warning: "RAND_MAX" redefined
 #define RAND_MAX ((1U<<31)-1)
 
In file included from main.c:2:0:
/home/uos/Documents/e_puck_F/Eclipse_e-puck2/Tools/gcc-arm-none-eabi-7-2017-q4-major/arm-none-eabi/include/stdlib.h:63:0: note: this is the location of the previous definition
 #define RAND_MAX __RAND_MAX
 
main.c:45:1: warning: function declaration isn't a prototype [-Wstrict-prototypes]
 int gamble();// random choice [true, false]
 ^~~
main.c:46:1: warning: function declaration isn't a prototype [-Wstrict-prototypes]
 int check_cylindar();//check whether the cylindar is arrived
 ^~~
main.c: In function 'main':
main.c:100:21: warning: implicit declaration of function 'check_walls'; did you mean 'check_cylindar'? [-Wimplicit-function-declaration]
      wall_condition=check_walls(proximity);
                     ^~~~~~~~~~~
                     check_cylindar
main.c: At top level:
main.c:245:5: warning: function declaration isn't a prototype [-Wstrict-prototypes]
 int gamble(){
     ^~~~~~
[1;34mLinking build/Project_template.elf[0m
[1;34mCreating build/Project_template.hex[0m
[1;34mCreating build/Project_template.bin[0m
[1;34mCreating build/Project_template.dmp[0m

   text	   data	    bss	    dec	    hex	filename
  81412	   3732	  18868	 104012	  1964c	build/Project_template.elf
[1;34mCreating build/Project_template.list[0m

[1;34mDone[0m
15:34:34 **** Incremental Build of configuration Default for project MyProject ****
make all 
make: Nothing to be done for 'all'.
15:45:05 **** Incremental Build of configuration Default for project MyProject ****
make all 
[1;34mCompiling main.c[0m
main.c:28:0: warning: "RAND_MAX" redefined
 #define RAND_MAX ((1U<<31)-1)
 
In file included from main.c:2:0:
/home/uos/Documents/e_puck_F/Eclipse_e-puck2/Tools/gcc-arm-none-eabi-7-2017-q4-major/arm-none-eabi/include/stdlib.h:63:0: note: this is the location of the previous definition
 #define RAND_MAX __RAND_MAX
 
main.c:45:1: warning: function declaration isn't a prototype [-Wstrict-prototypes]
 int gamble();// random choice [true, false]
 ^~~
main.c:46:1: warning: function declaration isn't a prototype [-Wstrict-prototypes]
 int check_cylindar();//check whether the cylindar is arrived
 ^~~
main.c: In function 'main':
main.c:100:21: warning: implicit declaration of function 'check_walls'; did you mean 'check_cylindar'? [-Wimplicit-function-declaration]
      wall_condition=check_walls(proximity);
                     ^~~~~~~~~~~
                     check_cylindar
main.c: At top level:
main.c:246:5: warning: function declaration isn't a prototype [-Wstrict-prototypes]
 int gamble(){
     ^~~~~~
[1;34mLinking build/Project_template.elf[0m
[1;34mCreating build/Project_template.hex[0m
[1;34mCreating build/Project_template.bin[0m
[1;34mCreating build/Project_template.dmp[0m

   text	   data	    bss	    dec	    hex	filename
  81380	   3732	  18868	 103980	  1962c	build/Project_template.elf
[1;34mCreating build/Project_template.list[0m

[1;34mDone[0m
15:46:10 **** Incremental Build of configuration Default for project MyProject ****
make all 
make: Nothing to be done for 'all'.
15:48:06 **** Incremental Build of configuration Default for project MyProject ****
make all 
[1;34mCompiling main.c[0m
main.c:28:0: warning: "RAND_MAX" redefined
 #define RAND_MAX ((1U<<31)-1)
 
In file included from main.c:2:0:
/home/uos/Documents/e_puck_F/Eclipse_e-puck2/Tools/gcc-arm-none-eabi-7-2017-q4-major/arm-none-eabi/include/stdlib.h:63:0: note: this is the location of the previous definition
 #define RAND_MAX __RAND_MAX
 
main.c:45:1: warning: function declaration isn't a prototype [-Wstrict-prototypes]
 int gamble();// random choice [true, false]
 ^~~
main.c:46:1: warning: function declaration isn't a prototype [-Wstrict-prototypes]
 int check_cylindar();//check whether the cylindar is arrived
 ^~~
main.c: In function 'main':
main.c:100:21: warning: implicit declaration of function 'check_walls'; did you mean 'check_cylindar'? [-Wimplicit-function-declaration]
      wall_condition=check_walls(proximity);
                     ^~~~~~~~~~~
                     check_cylindar
main.c: At top level:
main.c:246:5: warning: function declaration isn't a prototype [-Wstrict-prototypes]
 int gamble(){
     ^~~~~~
[1;34mLinking build/Project_template.elf[0m
[1;34mCreating build/Project_template.hex[0m
[1;34mCreating build/Project_template.bin[0m
[1;34mCreating build/Project_template.dmp[0m

   text	   data	    bss	    dec	    hex	filename
  81428	   3732	  18868	 104028	  1965c	build/Project_template.elf
[1;34mCreating build/Project_template.list[0m

[1;34mDone[0m
15:48:13 **** Incremental Build of configuration Default for project MyProject ****
make all 
make: Nothing to be done for 'all'.
15:48:49 **** Incremental Build of configuration Default for project MyProject ****
make all 
make: Nothing to be done for 'all'.
15:49:43 **** Incremental Build of configuration Default for project MyProject ****
make all 
make: Nothing to be done for 'all'.
15:51:13 **** Incremental Build of configuration Default for project MyProject ****
make all 
make: Nothing to be done for 'all'.
07:18:35 **** Build of configuration Default for project MyProject ****
make all 
[1;34mCompiling crt0_v7m.s[0m
[1;34mCompiling chcoreasm_v7m.s[0m
[1;34mCompiling main.c[0m
main.c:30:0: warning: "RAND_MAX" redefined
 #define RAND_MAX ((1U<<31)-1)
 
In file included from main.c:2:0:
/home/stonary/Documents/e_puck_F/Eclipse_e-puck2/Tools/gcc-arm-none-eabi-7-2017-q4-major/arm-none-eabi/include/stdlib.h:63:0: note: this is the location of the previous definition
 #define RAND_MAX __RAND_MAX
 
main.c:47:1: warning: function declaration isn't a prototype [-Wstrict-prototypes]
 int gamble();// random choice [true, false]
 ^~~
main.c:48:1: warning: function declaration isn't a prototype [-Wstrict-prototypes]
 int check_cylindar();//check whether the cylindar is arrived
 ^~~
main.c: In function 'main':
main.c:107:21: warning: implicit declaration of function 'check_walls'; did you mean 'check_cylindar'? [-Wimplicit-function-declaration]
      wall_condition=check_walls(proximity);
                     ^~~~~~~~~~~
                     check_cylindar
main.c:89:7: warning: variable 'circular' set but not used [-Wunused-but-set-variable]
  bool circular;
       ^~~~~~~~
main.c: In function 'FollowTarget':
main.c:267:3: warning: implicit declaration of function 'FindTarget_TOF' [-Wimplicit-function-declaration]
   FindTarget_TOF();
   ^~~~~~~~~~~~~~
main.c: At top level:
../e-puck2_main-processor/ChibiOS//os/common/ports/ARMCMx/compilers/GCC/rules.mk:216: recipe for target 'build/obj/main.o' failed
main.c:305:6: warning: function declaration isn't a prototype [-Wstrict-prototypes]
 void FindTarget_TOF()
      ^~~~~~~~~~~~~~
main.c:305:6: warning: conflicting types for 'FindTarget_TOF'
main.c:267:3: note: previous implicit declaration of 'FindTarget_TOF' was here
   FindTarget_TOF();
   ^~~~~~~~~~~~~~
main.c: In function 'FindTarget_TOF':
main.c:319:8: error: 'p_value' undeclared (first use in this function); did you mean '_glue'?
  while(p_value[0]<80&&p_value[7]<80)
        ^~~~~~~
        _glue
main.c:319:8: note: each undeclared identifier is reported only once for each function it appears in
main.c: At top level:
main.c:363:5: warning: function declaration isn't a prototype [-Wstrict-prototypes]
 int gamble(){
     ^~~~~~
make: *** [build/obj/main.o] Error 1
"make all" terminated with exit code 2. Build might be incomplete.
07:32:13 **** Incremental Build of configuration Default for project MyProject ****
make all 
[1;34mCompiling main.c[0m
main.c:30:0: warning: "RAND_MAX" redefined
 #define RAND_MAX ((1U<<31)-1)
 
In file included from main.c:2:0:
/home/stonary/Documents/e_puck_F/Eclipse_e-puck2/Tools/gcc-arm-none-eabi-7-2017-q4-major/arm-none-eabi/include/stdlib.h:63:0: note: this is the location of the previous definition
 #define RAND_MAX __RAND_MAX
 
main.c:47:1: warning: function declaration isn't a prototype [-Wstrict-prototypes]
 int gamble();// random choice [true, false]
 ^~~
main.c: In function 'main':
main.c:127:9: error: too many arguments to function 'FollowTarget'
    else FollowTarget(GetTargetLocation(proximity), speed);
         ^~~~~~~~~~~~
main.c:53:6: note: declared here
 void FollowTarget(int targetLocation);
      ^~~~~~~~~~~~
main.c: In function 'FollowTarget':
main.c:224:3: warning: implicit declaration of function 'FindTarget_TOF' [-Wimplicit-function-declaration]
   FindTarget_TOF(300);
   ^~~~~~~~~~~~~~
main.c: At top level:
main.c:302:6: warning: conflicting types for 'FindTarget_TOF'
 void FindTarget_TOF(int speed)
      ^~~~~~~~~~~~~~
main.c:224:3: note: previous implicit declaration of 'FindTarget_TOF' was here
   FindTarget_TOF(300);
   ^~~~~~~~~~~~~~
main.c:376:5: warning: function declaration isn't a prototype [-Wstrict-prototypes]
 int gamble(){
     ^~~~~~
main.c:396:5: error: conflicting types for 'check_cylindar'
 int check_cylindar(int p_value[]){
     ^~~~~~~~~~~~~~
main.c:48:5: note: previous declaration of 'check_cylindar' was here
 int check_cylindar(void);//check whether the cylindar is arrived
     ^~~~~~~~~~~~~~
../e-puck2_main-processor/ChibiOS//os/common/ports/ARMCMx/compilers/GCC/rules.mk:216: recipe for target 'build/obj/main.o' failed
main.c: In function 'check_cylindar':
main.c:396:24: warning: unused parameter 'p_value' [-Wunused-parameter]
 int check_cylindar(int p_value[]){
                        ^~~~~~~
make: *** [build/obj/main.o] Error 1
"make all" terminated with exit code 2. Build might be incomplete.
07:32:31 **** Incremental Build of configuration Default for project MyProject ****
make all 
[1;34mCompiling main.c[0m
main.c:30:0: warning: "RAND_MAX" redefined
 #define RAND_MAX ((1U<<31)-1)
 
In file included from main.c:2:0:
/home/stonary/Documents/e_puck_F/Eclipse_e-puck2/Tools/gcc-arm-none-eabi-7-2017-q4-major/arm-none-eabi/include/stdlib.h:63:0: note: this is the location of the previous definition
 #define RAND_MAX __RAND_MAX
 
main.c:47:1: warning: function declaration isn't a prototype [-Wstrict-prototypes]
 int gamble();// random choice [true, false]
 ^~~
main.c: In function 'main':
main.c:127:9: error: too many arguments to function 'FollowTarget'
    else FollowTarget(GetTargetLocation(proximity), speed);
         ^~~~~~~~~~~~
main.c:53:6: note: declared here
 void FollowTarget(int targetLocation);
      ^~~~~~~~~~~~
main.c: In function 'FollowTarget':
main.c:224:3: warning: implicit declaration of function 'FindTarget_TOF' [-Wimplicit-function-declaration]
   FindTarget_TOF(300);
   ^~~~~~~~~~~~~~
main.c: At top level:
main.c:302:6: warning: conflicting types for 'FindTarget_TOF'
 void FindTarget_TOF(int speed)
      ^~~~~~~~~~~~~~
main.c:224:3: note: previous implicit declaration of 'FindTarget_TOF' was here
   FindTarget_TOF(300);
   ^~~~~~~~~~~~~~
main.c:376:5: warning: function declaration isn't a prototype [-Wstrict-prototypes]
 int gamble(){
     ^~~~~~
make: *** [build/obj/main.o] Error 1
../e-puck2_main-processor/ChibiOS//os/common/ports/ARMCMx/compilers/GCC/rules.mk:216: recipe for target 'build/obj/main.o' failed
"make all" terminated with exit code 2. Build might be incomplete.
07:32:51 **** Incremental Build of configuration Default for project MyProject ****
make all 
[1;34mCompiling main.c[0m
main.c:30:0: warning: "RAND_MAX" redefined
 #define RAND_MAX ((1U<<31)-1)
 
In file included from main.c:2:0:
/home/stonary/Documents/e_puck_F/Eclipse_e-puck2/Tools/gcc-arm-none-eabi-7-2017-q4-major/arm-none-eabi/include/stdlib.h:63:0: note: this is the location of the previous definition
 #define RAND_MAX __RAND_MAX
 
main.c:47:1: warning: function declaration isn't a prototype [-Wstrict-prototypes]
 int gamble();// random choice [true, false]
 ^~~
main.c: In function 'FollowTarget':
main.c:224:3: warning: implicit declaration of function 'FindTarget_TOF' [-Wimplicit-function-declaration]
   FindTarget_TOF(300);
   ^~~~~~~~~~~~~~
main.c: At top level:
main.c:302:6: warning: conflicting types for 'FindTarget_TOF'
 void FindTarget_TOF(int speed)
      ^~~~~~~~~~~~~~
main.c:224:3: note: previous implicit declaration of 'FindTarget_TOF' was here
   FindTarget_TOF(300);
   ^~~~~~~~~~~~~~
main.c:376:5: warning: function declaration isn't a prototype [-Wstrict-prototypes]
 int gamble(){
     ^~~~~~
[1;34mCompiling spi3_slave_lld.c[0m
[1;34mCompiling dcmi_lld.c[0m
[1;34mCompiling dcmi.c[0m
[1;34mCompiling spi3_slave.c[0m
[1;34mCompiling audio_thread.c[0m
[1;34mCompiling microphone.c[0m
[1;34mCompiling mp45dt02_processing.c[0m
[1;34mCompiling play_melody.c[0m
[1;34mCompiling button.c[0m
[1;34mCompiling camera.c[0m
[1;34mCompiling dcmi_camera.c[0m
[1;34mCompiling ov2640.c[0m
[1;34mCompiling ov7670.c[0m
[1;34mCompiling po6030.c[0m
[1;34mCompiling po8030.c[0m
[1;34mCompiling cmd.c[0m
[1;34mCompiling Asercom.c[0m
[1;34mCompiling Asercom2.c[0m
[1;34mCompiling DataEEPROM.c[0m
[1;34mCompiling e_I2C_protocol.c[0m
[1;34mCompiling e_acc.c[0m
[1;34mCompiling e_ad_conv.c[0m
[1;34mCompiling e_micro.c[0m
[1;34mCompiling e_prox.c[0m
[1;34mCompiling e_lsm330.c[0m
[1;34mCompiling e_common.c[0m
[1;34mCompiling e_sound.c[0m
[1;34mCompiling e_agenda.c[0m
[1;34mCompiling e_led.c[0m
[1;34mCompiling e_motors.c[0m
[1;34mCompiling e_remote_control.c[0m
[1;34mCompiling e_init_port.c[0m
[1;34mCompiling e_uart_char.c[0m
[1;34mCompiling utility.c[0m
[1;34mCompiling exti.c[0m
[1;34mCompiling flash.c[0m
[1;34mCompiling i2c_bus.c[0m
[1;34mCompiling ir_remote.c[0m
[1;34mCompiling leds.c[0m
[1;34mCompiling memory_protection.c[0m
[1;34mCompiling motors.c[0m
[1;34mCompiling panic.c[0m
[1;34mCompiling selector.c[0m
[1;34mCompiling battery_level.c[0m
[1;34mCompiling ground.c[0m
[1;34mCompiling imu.c[0m
[1;34mCompiling mpu9250.c[0m
[1;34mCompiling proximity.c[0m
[1;34mCompiling serial_comm.c[0m
[1;34mCompiling spi_comm.c[0m
[1;34mCompiling sdio.c[0m
[1;34mCompiling usbcfg.c[0m
[1;34mCompiling uc_usage.c[0m
[1;34mCompiling malloc_lock.c[0m
[1;34mCompiling newlib_syscalls.c[0m
[1;34mCompiling port.c[0m
[1;34mCompiling communication.c[0m
[1;34mCompiling config_flash_storage.c[0m
[1;34mCompiling vl53l0x_api.c[0m
[1;34mCompiling vl53l0x_api_calibration.c[0m
[1;34mCompiling vl53l0x_api_core.c[0m
[1;34mCompiling vl53l0x_api_ranging.c[0m
[1;34mCompiling vl53l0x_api_strings.c[0m
[1;34mCompiling vl53l0x_i2c_platform.c[0m
[1;34mCompiling vl53l0x_platform.c[0m
[1;34mCompiling VL53L0X.c[0m
[1;34mCompiling serial_datagram.c[0m
[1;34mCompiling cmp.c[0m
[1;34mCompiling cmp_mem_access.c[0m
[1;34mCompiling crc16.c[0m
[1;34mCompiling crc32.c[0m
[1;34mCompiling messagebus.c[0m
[1;34mCompiling parameter.c[0m
[1;34mCompiling parameter_msgpack.c[0m
[1;34mCompiling parameter_print.c[0m
[1;34mCompiling fat.c[0m
[1;34mCompiling play_sound_file.c[0m
[1;34mCompiling behaviors.c[0m
[1;34mCompiling ircom.c[0m
[1;34mCompiling ircomReceive.c[0m
[1;34mCompiling ircomTools.c[0m
[1;34mCompiling ircomMessages.c[0m
[1;34mCompiling ircomSend.c[0m
[1;34mCompiling transceiver.c[0m
[1;34mCompiling crt1.c[0m
[1;34mCompiling vectors.c[0m
[1;34mCompiling chsys.c[0m
[1;34mCompiling chdebug.c[0m
[1;34mCompiling chvt.c[0m
[1;34mCompiling chschd.c[0m
[1;34mCompiling chthreads.c[0m
[1;34mCompiling chtm.c[0m
[1;34mCompiling chstats.c[0m
[1;34mCompiling chdynamic.c[0m
[1;34mCompiling chregistry.c[0m
[1;34mCompiling chsem.c[0m
[1;34mCompiling chmtx.c[0m
[1;34mCompiling chcond.c[0m
[1;34mCompiling chevents.c[0m
[1;34mCompiling chmsg.c[0m
[1;34mCompiling chmboxes.c[0m
[1;34mCompiling chqueues.c[0m
[1;34mCompiling chmemcore.c[0m
[1;34mCompiling chheap.c[0m
[1;34mCompiling chmempools.c[0m
[1;34mCompiling chcore.c[0m
[1;34mCompiling chcore_v7m.c[0m
[1;34mCompiling osal.c[0m
[1;34mCompiling hal.c[0m
[1;34mCompiling hal_queues.c[0m
[1;34mCompiling hal_mmcsd.c[0m
[1;34mCompiling adc.c[0m
[1;34mCompiling can.c[0m
[1;34mCompiling dac.c[0m
[1;34mCompiling ext.c[0m
[1;34mCompiling gpt.c[0m
[1;34mCompiling i2c.c[0m
[1;34mCompiling i2s.c[0m
[1;34mCompiling icu.c[0m
[1;34mCompiling mac.c[0m
[1;34mCompiling mmc_spi.c[0m
[1;34mCompiling pal.c[0m
[1;34mCompiling pwm.c[0m
[1;34mCompiling rtc.c[0m
[1;34mCompiling sdc.c[0m
[1;34mCompiling serial.c[0m
[1;34mCompiling serial_usb.c[0m
[1;34mCompiling spi.c[0m
[1;34mCompiling st.c[0m
[1;34mCompiling uart.c[0m
[1;34mCompiling usb.c[0m
[1;34mCompiling nvic.c[0m
[1;34mCompiling stm32_dma.c[0m
[1;34mCompiling hal_lld.c[0m
[1;34mCompiling adc_lld.c[0m
[1;34mCompiling ext_lld_isr.c[0m
[1;34mCompiling can_lld.c[0m
[1;34mCompiling ext_lld.c[0m
[1;34mCompiling mac_lld.c[0m
[1;34mCompiling sdc_lld.c[0m
[1;34mCompiling dac_lld.c[0m
[1;34mCompiling pal_lld.c[0m
[1;34mCompiling i2c_lld.c[0m
[1;34mCompiling usb_lld.c[0m
[1;34mCompiling rtc_lld.c[0m
[1;34mCompiling i2s_lld.c[0m
[1;34mCompiling spi_lld.c[0m
[1;34mCompiling gpt_lld.c[0m
[1;34mCompiling icu_lld.c[0m
[1;34mCompiling pwm_lld.c[0m
[1;34mCompiling st_lld.c[0m
[1;34mCompiling serial_lld.c[0m
[1;34mCompiling uart_lld.c[0m
[1;34mCompiling board.c[0m
[1;34mCompiling test.c[0m
[1;34mCompiling testthd.c[0m
[1;34mCompiling testsem.c[0m
[1;34mCompiling testmtx.c[0m
[1;34mCompiling testmsg.c[0m
[1;34mCompiling testmbox.c[0m
[1;34mCompiling testevt.c[0m
[1;34mCompiling testheap.c[0m
[1;34mCompiling testpools.c[0m
[1;34mCompiling testdyn.c[0m
[1;34mCompiling testqueues.c[0m
[1;34mCompiling testsys.c[0m
[1;34mCompiling testbmk.c[0m
[1;34mCompiling shell.c[0m
[1;34mCompiling memstreams.c[0m
[1;34mCompiling chprintf.c[0m
[1;34mCompiling fatfs_diskio.c[0m
[1;34mCompiling fatfs_syscall.c[0m
[1;34mCompiling ff.c[0m
[1;34mCompiling unicode.c[0m
[1;34mCompiling vm-buffer.c[0m
[1;34mCompiling can-buffer.c[0m
[1;34mCompiling can-net.c[0m
[1;34mCompiling natives.c[0m
[1;34mCompiling vm.c[0m
[1;34mCompiling aseba_can_interface.c[0m
[1;34mCompiling aseba_node.c[0m
[1;34mCompiling skel_user.c[0m
[1;34mCompiling aseba_bridge.c[0m
[1;34mLinking build/Project_template.elf[0m
[1;34mCreating build/Project_template.hex[0m
[1;34mCreating build/Project_template.bin[0m
[1;34mCreating build/Project_template.dmp[0m

   text	   data	    bss	    dec	    hex	filename
  82612	   3732	  18868	 105212	  19afc	build/Project_template.elf
[1;34mCreating build/Project_template.list[0m

[1;34mDone[0m
07:36:07 **** Incremental Build of configuration Default for project MyProject ****
make all 
[1;34mCompiling main.c[0m
main.c:30:0: warning: "RAND_MAX" redefined
 #define RAND_MAX ((1U<<31)-1)
 
In file included from main.c:2:0:
/home/stonary/Documents/e_puck_F/Eclipse_e-puck2/Tools/gcc-arm-none-eabi-7-2017-q4-major/arm-none-eabi/include/stdlib.h:63:0: note: this is the location of the previous definition
 #define RAND_MAX __RAND_MAX
 
main.c: In function 'FindTarget_TOF':
main.c:60:1: error: expected '=', ',', ';', 'asm' or '__attribute__' before '{' token
 {
../e-puck2_main-processor/ChibiOS//os/common/ports/ARMCMx/compilers/GCC/rules.mk:216: recipe for target 'build/obj/main.o' failed
 ^
main.c:140:50: error: expected '=', ',', ';', 'asm' or '__attribute__' before '{' token
 void random_choice(int speed, int wall_condition){
                                                  ^
main.c:195:1: error: expected '=', ',', ';', 'asm' or '__attribute__' before '{' token
 {
 ^
main.c:235:1: error: expected '=', ',', ';', 'asm' or '__attribute__' before '{' token
 {
 ^
main.c:276:1: error: expected '=', ',', ';', 'asm' or '__attribute__' before '{' token
 {
 ^
main.c:299:1: error: expected '=', ',', ';', 'asm' or '__attribute__' before '{' token
 {
 ^
main.c:306:1: error: expected '=', ',', ';', 'asm' or '__attribute__' before '{' token
 {
 ^
main.c:328:23: error: expected '=', ',', ';', 'asm' or '__attribute__' before '{' token
 void moving(int speed){
                       ^
main.c:342:25: error: expected '=', ',', ';', 'asm' or '__attribute__' before '{' token
 void rotation(int speed){
                         ^
main.c:358:1: error: expected '=', ',', ';', 'asm' or '__attribute__' before '{' token
 {
 ^
main.c:369:1: error: expected '=', ',', ';', 'asm' or '__attribute__' before '{' token
 {
 ^
main.c:378:17: error: expected '=', ',', ';', 'asm' or '__attribute__' before '{' token
 int gamble(void){
                 ^
main.c:383:31: error: expected '=', ',', ';', 'asm' or '__attribute__' before '{' token
 int check_walls(int p_value[]){
                               ^
main.c:398:21: error: expected '=', ',', ';', 'asm' or '__attribute__' before '{' token
 int check_cylindar(){
                     ^
main.c:408:1: error: parameter '__stack_chk_guard' is initialized
 uintptr_t __stack_chk_guard = STACK_CHK_GUARD;
 ^~~~~~~~~
main.c:411:1: error: expected '=', ',', ';', 'asm' or '__attribute__' before '{' token
 {
 ^
main.c:52:6: error: old-style parameter declarations in prototyped function definition
 void FindTarget_TOF(int speed)
      ^~~~~~~~~~~~~~
main.c:413:1: error: expected '{' at end of input
 }
 ^
main.c:52:25: warning: unused parameter 'speed' [-Wunused-parameter]
 void FindTarget_TOF(int speed)
                         ^~~~~
make: *** [build/obj/main.o] Error 1
"make all" terminated with exit code 2. Build might be incomplete.
07:36:54 **** Incremental Build of configuration Default for project MyProject ****
make all 
[1;34mCompiling main.c[0m
main.c:30:0: warning: "RAND_MAX" redefined
 #define RAND_MAX ((1U<<31)-1)
 
In file included from main.c:2:0:
/home/stonary/Documents/e_puck_F/Eclipse_e-puck2/Tools/gcc-arm-none-eabi-7-2017-q4-major/arm-none-eabi/include/stdlib.h:63:0: note: this is the location of the previous definition
 #define RAND_MAX __RAND_MAX
 
[1;34mLinking build/Project_template.elf[0m
[1;34mCreating build/Project_template.hex[0m
[1;34mCreating build/Project_template.bin[0m
[1;34mCreating build/Project_template.dmp[0m

   text	   data	    bss	    dec	    hex	filename
  82596	   3732	  18868	 105196	  19aec	build/Project_template.elf
[1;34mCreating build/Project_template.list[0m

[1;34mDone[0m
07:45:38 **** Incremental Build of configuration Default for project MyProject ****
make all 
[1;34mCompiling main.c[0m
main.c:30:0: warning: "RAND_MAX" redefined
 #define RAND_MAX ((1U<<31)-1)
 
In file included from main.c:2:0:
/home/stonary/Documents/e_puck_F/Eclipse_e-puck2/Tools/gcc-arm-none-eabi-7-2017-q4-major/arm-none-eabi/include/stdlib.h:63:0: note: this is the location of the previous definition
 #define RAND_MAX __RAND_MAX
 
[1;34mLinking build/Project_template.elf[0m
[1;34mCreating build/Project_template.hex[0m
[1;34mCreating build/Project_template.bin[0m
[1;34mCreating build/Project_template.dmp[0m

   text	   data	    bss	    dec	    hex	filename
  82596	   3732	  18868	 105196	  19aec	build/Project_template.elf
[1;34mCreating build/Project_template.list[0m

[1;34mDone[0m
07:52:25 **** Incremental Build of configuration Default for project MyProject ****
make all 
[1;34mCompiling main.c[0m
main.c:30:0: warning: "RAND_MAX" redefined
 #define RAND_MAX ((1U<<31)-1)
 
In file included from main.c:2:0:
/home/stonary/Documents/e_puck_F/Eclipse_e-puck2/Tools/gcc-arm-none-eabi-7-2017-q4-major/arm-none-eabi/include/stdlib.h:63:0: note: this is the location of the previous definition
 #define RAND_MAX __RAND_MAX
 
[1;34mLinking build/Project_template.elf[0m
[1;34mCreating build/Project_template.hex[0m
[1;34mCreating build/Project_template.bin[0m
[1;34mCreating build/Project_template.dmp[0m

   text	   data	    bss	    dec	    hex	filename
  82596	   3732	  18868	 105196	  19aec	build/Project_template.elf
[1;34mCreating build/Project_template.list[0m

[1;34mDone[0m
